{"meta": {"format": 3, "version": "7.13.5", "timestamp": "2026-05-08T19:36:35.904144", "branch_coverage": false, "show_contexts": false}, "files": {"app/__init__.py": {"executed_lines": [1, 3, 4, 5, 7, 8, 9, 10, 11, 13, 16, 20, 23, 24, 28, 29, 31, 32, 33, 34, 35, 38, 39, 44, 45, 46, 49, 50, 52, 53, 54, 56, 57, 59, 60, 61, 62, 65, 67, 68, 70, 72, 74, 76, 77, 79, 80, 84, 85, 104, 105, 107, 115, 116, 117, 119, 120, 126, 129, 134, 136, 137, 142, 146, 147, 149, 152, 155, 156, 201, 202, 203, 212, 213, 214, 215, 216, 217, 219, 220, 221, 222], "summary": {"covered_lines": 82, "num_statements": 165, "percent_covered": 49.696969696969695, "percent_covered_display": "50", "missing_lines": 83, "excluded_lines": 0, "percent_statements_covered": 49.696969696969695, "percent_statements_covered_display": "50"}, "missing_lines": [21, 47, 48, 63, 64, 71, 73, 81, 82, 86, 87, 88, 89, 90, 91, 92, 93, 94, 95, 96, 97, 98, 99, 100, 101, 102, 108, 138, 140, 143, 164, 165, 167, 168, 170, 171, 173, 174, 175, 177, 178, 179, 181, 182, 183, 184, 185, 187, 188, 189, 190, 191, 196, 197, 199, 224, 225, 226, 227, 228, 229, 232, 235, 236, 237, 238, 239, 240, 241, 242, 243, 246, 247, 248, 249, 260, 261, 262, 263, 264, 265, 266, 267], "excluded_lines": [], "functions": {"create_app": {"executed_lines": [20, 23, 24, 28, 29, 31, 32, 33, 34, 35, 38, 39, 44, 45, 46, 49, 50, 52, 53, 54, 56, 57, 67, 68, 76, 77, 104, 105, 119, 120, 149], "summary": {"covered_lines": 31, "num_statements": 34, "percent_covered": 91.17647058823529, "percent_covered_display": "91", "missing_lines": 3, "excluded_lines": 0, "percent_statements_covered": 91.17647058823529, "percent_statements_covered_display": "91"}, "missing_lines": [21, 47, 48], "excluded_lines": [], "start_line": 16}, "create_app._inject_app_config": {"executed_lines": [59, 60, 61, 62, 65], "summary": {"covered_lines": 5, "num_statements": 7, "percent_covered": 71.42857142857143, "percent_covered_display": "71", "missing_lines": 2, "excluded_lines": 0, "percent_statements_covered": 71.42857142857143, "percent_statements_covered_display": "71"}, "missing_lines": [63, 64], "excluded_lines": [], "start_line": 57}, "create_app.localdt_filter": {"executed_lines": [70, 72, 74], "summary": {"covered_lines": 3, "num_statements": 5, "percent_covered": 60.0, "percent_covered_display": "60", "missing_lines": 2, "excluded_lines": 0, "percent_statements_covered": 60.0, "percent_statements_covered_display": "60"}, "missing_lines": [71, 73], "excluded_lines": [], "start_line": 68}, "create_app.audit_entity_url": {"executed_lines": [79, 80, 84, 85], "summary": {"covered_lines": 4, "num_statements": 23, "percent_covered": 17.391304347826086, "percent_covered_display": "17", "missing_lines": 19, "excluded_lines": 0, "percent_statements_covered": 17.391304347826086, "percent_statements_covered_display": "17"}, "missing_lines": [81, 82, 86, 87, 88, 89, 90, 91, 92, 93, 94, 95, 96, 97, 98, 99, 100, 101, 102], "excluded_lines": [], "start_line": 77}, "create_app._add_security_headers": {"executed_lines": [107, 115, 116, 117], "summary": {"covered_lines": 4, "num_statements": 5, "percent_covered": 80.0, "percent_covered_display": "80", "missing_lines": 1, "excluded_lines": 0, "percent_statements_covered": 80.0, "percent_statements_covered_display": "80"}, "missing_lines": [108], "excluded_lines": [], "start_line": 105}, "create_app._setup_guard": {"executed_lines": [126, 129, 134, 136, 137, 142, 146, 147], "summary": {"covered_lines": 8, "num_statements": 11, "percent_covered": 72.72727272727273, "percent_covered_display": "73", "missing_lines": 3, "excluded_lines": 0, "percent_statements_covered": 72.72727272727273, "percent_statements_covered_display": "73"}, "missing_lines": [138, 140, 143], "excluded_lines": [], "start_line": 120}, "register_cli_commands": {"executed_lines": [155, 156, 201, 202, 203], "summary": {"covered_lines": 5, "num_statements": 5, "percent_covered": 100.0, "percent_covered_display": "100", "missing_lines": 0, "excluded_lines": 0, "percent_statements_covered": 100.0, "percent_statements_covered_display": "100"}, "missing_lines": [], "excluded_lines": [], "start_line": 152}, "register_cli_commands.verify_schema": {"executed_lines": [], "summary": {"covered_lines": 0, "num_statements": 25, "percent_covered": 0.0, "percent_covered_display": "0", "missing_lines": 25, "excluded_lines": 0, "percent_statements_covered": 0.0, "percent_statements_covered_display": "0"}, "missing_lines": [164, 165, 167, 168, 170, 171, 173, 174, 175, 177, 178, 179, 181, 182, 183, 184, 185, 187, 188, 189, 190, 191, 196, 197, 199], "excluded_lines": [], "start_line": 156}, "register_cli_commands.send_test_email": {"executed_lines": [212, 213, 214, 215, 216, 217, 219, 220, 221, 222], "summary": {"covered_lines": 10, "num_statements": 38, "percent_covered": 26.31578947368421, "percent_covered_display": "26", "missing_lines": 28, "excluded_lines": 0, "percent_statements_covered": 26.31578947368421, "percent_statements_covered_display": "26"}, "missing_lines": [224, 225, 226, 227, 228, 229, 232, 235, 236, 237, 238, 239, 240, 241, 242, 243, 246, 247, 248, 249, 260, 261, 262, 263, 264, 265, 266, 267], "excluded_lines": [], "start_line": 203}, "": {"executed_lines": [1, 3, 4, 5, 7, 8, 9, 10, 11, 13, 16, 152], "summary": {"covered_lines": 12, "num_statements": 12, "percent_covered": 100.0, "percent_covered_display": "100", "missing_lines": 0, "excluded_lines": 0, "percent_statements_covered": 100.0, "percent_statements_covered_display": "100"}, "missing_lines": [], "excluded_lines": [], "start_line": 1}}, "classes": {"": {"executed_lines": [1, 3, 4, 5, 7, 8, 9, 10, 11, 13, 16, 20, 23, 24, 28, 29, 31, 32, 33, 34, 35, 38, 39, 44, 45, 46, 49, 50, 52, 53, 54, 56, 57, 59, 60, 61, 62, 65, 67, 68, 70, 72, 74, 76, 77, 79, 80, 84, 85, 104, 105, 107, 115, 116, 117, 119, 120, 126, 129, 134, 136, 137, 142, 146, 147, 149, 152, 155, 156, 201, 202, 203, 212, 213, 214, 215, 216, 217, 219, 220, 221, 222], "summary": {"covered_lines": 82, "num_statements": 165, "percent_covered": 49.696969696969695, "percent_covered_display": "50", "missing_lines": 83, "excluded_lines": 0, "percent_statements_covered": 49.696969696969695, "percent_statements_covered_display": "50"}, "missing_lines": [21, 47, 48, 63, 64, 71, 73, 81, 82, 86, 87, 88, 89, 90, 91, 92, 93, 94, 95, 96, 97, 98, 99, 100, 101, 102, 108, 138, 140, 143, 164, 165, 167, 168, 170, 171, 173, 174, 175, 177, 178, 179, 181, 182, 183, 184, 185, 187, 188, 189, 190, 191, 196, 197, 199, 224, 225, 226, 227, 228, 229, 232, 235, 236, 237, 238, 239, 240, 241, 242, 243, 246, 247, 248, 249, 260, 261, 262, 263, 264, 265, 266, 267], "excluded_lines": [], "start_line": 1}}}, "app/config.py": {"executed_lines": [1, 4, 5, 8, 9, 13, 14, 15, 16, 19, 22, 23, 24, 26, 29, 30, 37, 38, 41, 42, 46, 49, 50, 53, 56, 57, 68], "summary": {"covered_lines": 27, "num_statements": 37, "percent_covered": 72.97297297297297, "percent_covered_display": "73", "missing_lines": 10, "excluded_lines": 0, "percent_statements_covered": 72.97297297297297, "percent_statements_covered_display": "73"}, "missing_lines": [27, 31, 32, 33, 34, 54, 58, 59, 60, 61], "excluded_lines": [], "functions": {"DevelopmentConfig.__init_subclass__": {"executed_lines": [], "summary": {"covered_lines": 0, "num_statements": 1, "percent_covered": 0.0, "percent_covered_display": "0", "missing_lines": 1, "excluded_lines": 0, "percent_statements_covered": 0.0, "percent_statements_covered_display": "0"}, "missing_lines": [27], "excluded_lines": [], "start_line": 26}, "DevelopmentConfig.init_app": {"executed_lines": [], "summary": {"covered_lines": 0, "num_statements": 4, "percent_covered": 0.0, "percent_covered_display": "0", "missing_lines": 4, "excluded_lines": 0, "percent_statements_covered": 0.0, "percent_statements_covered_display": "0"}, "missing_lines": [31, 32, 33, 34], "excluded_lines": [], "start_line": 30}, "ProductionConfig.__init_subclass__": {"executed_lines": [], "summary": {"covered_lines": 0, "num_statements": 1, "percent_covered": 0.0, "percent_covered_display": "0", "missing_lines": 1, "excluded_lines": 0, "percent_statements_covered": 0.0, "percent_statements_covered_display": "0"}, "missing_lines": [54], "excluded_lines": [], "start_line": 53}, "ProductionConfig.init_app": {"executed_lines": [], "summary": {"covered_lines": 0, "num_statements": 4, "percent_covered": 0.0, "percent_covered_display": "0", "missing_lines": 4, "excluded_lines": 0, "percent_statements_covered": 0.0, "percent_statements_covered_display": "0"}, "missing_lines": [58, 59, 60, 61], "excluded_lines": [], "start_line": 57}, "": {"executed_lines": [1, 4, 5, 8, 9, 13, 14, 15, 16, 19, 22, 23, 24, 26, 29, 30, 37, 38, 41, 42, 46, 49, 50, 53, 56, 57, 68], "summary": {"covered_lines": 27, "num_statements": 27, "percent_covered": 100.0, "percent_covered_display": "100", "missing_lines": 0, "excluded_lines": 0, "percent_statements_covered": 100.0, "percent_statements_covered_display": "100"}, "missing_lines": [], "excluded_lines": [], "start_line": 1}}, "classes": {"Config": {"executed_lines": [], "summary": {"covered_lines": 0, "num_statements": 0, "percent_covered": 100.0, "percent_covered_display": "100", "missing_lines": 0, "excluded_lines": 0, "percent_statements_covered": 100.0, "percent_statements_covered_display": "100"}, "missing_lines": [], "excluded_lines": [], "start_line": 8}, "DevelopmentConfig": {"executed_lines": [], "summary": {"covered_lines": 0, "num_statements": 5, "percent_covered": 0.0, "percent_covered_display": "0", "missing_lines": 5, "excluded_lines": 0, "percent_statements_covered": 0.0, "percent_statements_covered_display": "0"}, "missing_lines": [27, 31, 32, 33, 34], "excluded_lines": [], "start_line": 22}, "TestingConfig": {"executed_lines": [], "summary": {"covered_lines": 0, "num_statements": 0, "percent_covered": 100.0, "percent_covered_display": "100", "missing_lines": 0, "excluded_lines": 0, "percent_statements_covered": 100.0, "percent_statements_covered_display": "100"}, "missing_lines": [], "excluded_lines": [], "start_line": 37}, "ProductionConfig": {"executed_lines": [], "summary": {"covered_lines": 0, "num_statements": 5, "percent_covered": 0.0, "percent_covered_display": "0", "missing_lines": 5, "excluded_lines": 0, "percent_statements_covered": 0.0, "percent_statements_covered_display": "0"}, "missing_lines": [54, 58, 59, 60, 61], "excluded_lines": [], "start_line": 49}, "": {"executed_lines": [1, 4, 5, 8, 9, 13, 14, 15, 16, 19, 22, 23, 24, 26, 29, 30, 37, 38, 41, 42, 46, 49, 50, 53, 56, 57, 68], "summary": {"covered_lines": 27, "num_statements": 27, "percent_covered": 100.0, "percent_covered_display": "100", "missing_lines": 0, "excluded_lines": 0, "percent_statements_covered": 100.0, "percent_statements_covered_display": "100"}, "missing_lines": [], "excluded_lines": [], "start_line": 1}}}, "app/digest/__init__.py": {"executed_lines": [], "summary": {"covered_lines": 0, "num_statements": 0, "percent_covered": 100.0, "percent_covered_display": "100", "missing_lines": 0, "excluded_lines": 0, "percent_statements_covered": 100.0, "percent_statements_covered_display": "100"}, "missing_lines": [], "excluded_lines": [], "functions": {"": {"executed_lines": [], "summary": {"covered_lines": 0, "num_statements": 0, "percent_covered": 100.0, "percent_covered_display": "100", "missing_lines": 0, "excluded_lines": 0, "percent_statements_covered": 100.0, "percent_statements_covered_display": "100"}, "missing_lines": [], "excluded_lines": [], "start_line": 1}}, "classes": {"": {"executed_lines": [], "summary": {"covered_lines": 0, "num_statements": 0, "percent_covered": 100.0, "percent_covered_display": "100", "missing_lines": 0, "excluded_lines": 0, "percent_statements_covered": 100.0, "percent_statements_covered_display": "100"}, "missing_lines": [], "excluded_lines": [], "start_line": 1}}}, "app/digest/base.py": {"executed_lines": [2, 4, 5, 8, 12, 15, 18, 21, 24, 26, 27], "summary": {"covered_lines": 11, "num_statements": 11, "percent_covered": 100.0, "percent_covered_display": "100", "missing_lines": 0, "excluded_lines": 0, "percent_statements_covered": 100.0, "percent_statements_covered_display": "100"}, "missing_lines": [], "excluded_lines": [], "functions": {"BaseBlock.collect": {"executed_lines": [], "summary": {"covered_lines": 0, "num_statements": 0, "percent_covered": 100.0, "percent_covered_display": "100", "missing_lines": 0, "excluded_lines": 0, "percent_statements_covered": 100.0, "percent_statements_covered_display": "100"}, "missing_lines": [], "excluded_lines": [], "start_line": 27}, "": {"executed_lines": [2, 4, 5, 8, 12, 15, 18, 21, 24, 26, 27], "summary": {"covered_lines": 11, "num_statements": 11, "percent_covered": 100.0, "percent_covered_display": "100", "missing_lines": 0, "excluded_lines": 0, "percent_statements_covered": 100.0, "percent_statements_covered_display": "100"}, "missing_lines": [], "excluded_lines": [], "start_line": 1}}, "classes": {"BaseBlock": {"executed_lines": [], "summary": {"covered_lines": 0, "num_statements": 0, "percent_covered": 100.0, "percent_covered_display": "100", "missing_lines": 0, "excluded_lines": 0, "percent_statements_covered": 100.0, "percent_statements_covered_display": "100"}, "missing_lines": [], "excluded_lines": [], "start_line": 8}, "": {"executed_lines": [2, 4, 5, 8, 12, 15, 18, 21, 24, 26, 27], "summary": {"covered_lines": 11, "num_statements": 11, "percent_covered": 100.0, "percent_covered_display": "100", "missing_lines": 0, "excluded_lines": 0, "percent_statements_covered": 100.0, "percent_statements_covered_display": "100"}, "missing_lines": [], "excluded_lines": [], "start_line": 1}}}, "app/digest/blocks/__init__.py": {"executed_lines": [], "summary": {"covered_lines": 0, "num_statements": 0, "percent_covered": 100.0, "percent_covered_display": "100", "missing_lines": 0, "excluded_lines": 0, "percent_statements_covered": 100.0, "percent_statements_covered_display": "100"}, "missing_lines": [], "excluded_lines": [], "functions": {"": {"executed_lines": [], "summary": {"covered_lines": 0, "num_statements": 0, "percent_covered": 100.0, "percent_covered_display": "100", "missing_lines": 0, "excluded_lines": 0, "percent_statements_covered": 100.0, "percent_statements_covered_display": "100"}, "missing_lines": [], "excluded_lines": [], "start_line": 1}}, "classes": {"": {"executed_lines": [], "summary": {"covered_lines": 0, "num_statements": 0, "percent_covered": 100.0, "percent_covered_display": "100", "missing_lines": 0, "excluded_lines": 0, "percent_statements_covered": 100.0, "percent_statements_covered_display": "100"}, "missing_lines": [], "excluded_lines": [], "start_line": 1}}}, "app/digest/blocks/audit_log.py": {"executed_lines": [2, 4, 5, 7, 9, 14, 17, 18, 19, 20, 21, 22, 31], "summary": {"covered_lines": 13, "num_statements": 28, "percent_covered": 46.42857142857143, "percent_covered_display": "46", "missing_lines": 15, "excluded_lines": 0, "percent_statements_covered": 46.42857142857143, "percent_statements_covered_display": "46"}, "missing_lines": [32, 33, 35, 36, 37, 38, 39, 41, 42, 43, 44, 45, 46, 48, 49], "excluded_lines": [], "functions": {"AuditLogBlock.collect": {"executed_lines": [], "summary": {"covered_lines": 0, "num_statements": 15, "percent_covered": 0.0, "percent_covered_display": "0", "missing_lines": 15, "excluded_lines": 0, "percent_statements_covered": 0.0, "percent_statements_covered_display": "0"}, "missing_lines": [32, 33, 35, 36, 37, 38, 39, 41, 42, 43, 44, 45, 46, 48, 49], "excluded_lines": [], "start_line": 31}, "": {"executed_lines": [2, 4, 5, 7, 9, 14, 17, 18, 19, 20, 21, 22, 31], "summary": {"covered_lines": 13, "num_statements": 13, "percent_covered": 100.0, "percent_covered_display": "100", "missing_lines": 0, "excluded_lines": 0, "percent_statements_covered": 100.0, "percent_statements_covered_display": "100"}, "missing_lines": [], "excluded_lines": [], "start_line": 1}}, "classes": {"AuditLogBlock": {"executed_lines": [], "summary": {"covered_lines": 0, "num_statements": 15, "percent_covered": 0.0, "percent_covered_display": "0", "missing_lines": 15, "excluded_lines": 0, "percent_statements_covered": 0.0, "percent_statements_covered_display": "0"}, "missing_lines": [32, 33, 35, 36, 37, 38, 39, 41, 42, 43, 44, 45, 46, 48, 49], "excluded_lines": [], "start_line": 17}, "": {"executed_lines": [2, 4, 5, 7, 9, 14, 17, 18, 19, 20, 21, 22, 31], "summary": {"covered_lines": 13, "num_statements": 13, "percent_covered": 100.0, "percent_covered_display": "100", "missing_lines": 0, "excluded_lines": 0, "percent_statements_covered": 100.0, "percent_statements_covered_display": "100"}, "missing_lines": [], "excluded_lines": [], "start_line": 1}}}, "app/digest/blocks/feedback_summary.py": {"executed_lines": [2, 4, 5, 7, 10, 11, 12, 13, 14, 15, 21], "summary": {"covered_lines": 11, "num_statements": 19, "percent_covered": 57.89473684210526, "percent_covered_display": "58", "missing_lines": 8, "excluded_lines": 0, "percent_statements_covered": 57.89473684210526, "percent_statements_covered_display": "58"}, "missing_lines": [22, 23, 25, 26, 27, 29, 35, 36], "excluded_lines": [], "functions": {"FeedbackSummaryBlock.collect": {"executed_lines": [], "summary": {"covered_lines": 0, "num_statements": 8, "percent_covered": 0.0, "percent_covered_display": "0", "missing_lines": 8, "excluded_lines": 0, "percent_statements_covered": 0.0, "percent_statements_covered_display": "0"}, "missing_lines": [22, 23, 25, 26, 27, 29, 35, 36], "excluded_lines": [], "start_line": 21}, "": {"executed_lines": [2, 4, 5, 7, 10, 11, 12, 13, 14, 15, 21], "summary": {"covered_lines": 11, "num_statements": 11, "percent_covered": 100.0, "percent_covered_display": "100", "missing_lines": 0, "excluded_lines": 0, "percent_statements_covered": 100.0, "percent_statements_covered_display": "100"}, "missing_lines": [], "excluded_lines": [], "start_line": 1}}, "classes": {"FeedbackSummaryBlock": {"executed_lines": [], "summary": {"covered_lines": 0, "num_statements": 8, "percent_covered": 0.0, "percent_covered_display": "0", "missing_lines": 8, "excluded_lines": 0, "percent_statements_covered": 0.0, "percent_statements_covered_display": "0"}, "missing_lines": [22, 23, 25, 26, 27, 29, 35, 36], "excluded_lines": [], "start_line": 10}, "": {"executed_lines": [2, 4, 5, 7, 10, 11, 12, 13, 14, 15, 21], "summary": {"covered_lines": 11, "num_statements": 11, "percent_covered": 100.0, "percent_covered_display": "100", "missing_lines": 0, "excluded_lines": 0, "percent_statements_covered": 100.0, "percent_statements_covered_display": "100"}, "missing_lines": [], "excluded_lines": [], "start_line": 1}}}, "app/digest/blocks/free_text.py": {"executed_lines": [2, 4, 6, 9, 10, 11, 12, 13, 14, 19], "summary": {"covered_lines": 10, "num_statements": 11, "percent_covered": 90.9090909090909, "percent_covered_display": "91", "missing_lines": 1, "excluded_lines": 0, "percent_statements_covered": 90.9090909090909, "percent_statements_covered_display": "91"}, "missing_lines": [20], "excluded_lines": [], "functions": {"FreeTextBlock.collect": {"executed_lines": [], "summary": {"covered_lines": 0, "num_statements": 1, "percent_covered": 0.0, "percent_covered_display": "0", "missing_lines": 1, "excluded_lines": 0, "percent_statements_covered": 0.0, "percent_statements_covered_display": "0"}, "missing_lines": [20], "excluded_lines": [], "start_line": 19}, "": {"executed_lines": [2, 4, 6, 9, 10, 11, 12, 13, 14, 19], "summary": {"covered_lines": 10, "num_statements": 10, "percent_covered": 100.0, "percent_covered_display": "100", "missing_lines": 0, "excluded_lines": 0, "percent_statements_covered": 100.0, "percent_statements_covered_display": "100"}, "missing_lines": [], "excluded_lines": [], "start_line": 1}}, "classes": {"FreeTextBlock": {"executed_lines": [], "summary": {"covered_lines": 0, "num_statements": 1, "percent_covered": 0.0, "percent_covered_display": "0", "missing_lines": 1, "excluded_lines": 0, "percent_statements_covered": 0.0, "percent_statements_covered_display": "0"}, "missing_lines": [20], "excluded_lines": [], "start_line": 9}, "": {"executed_lines": [2, 4, 6, 9, 10, 11, 12, 13, 14, 19], "summary": {"covered_lines": 10, "num_statements": 10, "percent_covered": 100.0, "percent_covered_display": "100", "missing_lines": 0, "excluded_lines": 0, "percent_statements_covered": 100.0, "percent_statements_covered_display": "100"}, "missing_lines": [], "excluded_lines": [], "start_line": 1}}}, "app/digest/blocks/new_users.py": {"executed_lines": [2, 4, 5, 7, 10, 11, 12, 13, 14, 15, 22], "summary": {"covered_lines": 11, "num_statements": 23, "percent_covered": 47.82608695652174, "percent_covered_display": "48", "missing_lines": 12, "excluded_lines": 0, "percent_statements_covered": 47.82608695652174, "percent_statements_covered_display": "48"}, "missing_lines": [23, 24, 26, 27, 28, 29, 31, 32, 33, 34, 36, 37], "excluded_lines": [], "functions": {"NewUsersBlock.collect": {"executed_lines": [], "summary": {"covered_lines": 0, "num_statements": 12, "percent_covered": 0.0, "percent_covered_display": "0", "missing_lines": 12, "excluded_lines": 0, "percent_statements_covered": 0.0, "percent_statements_covered_display": "0"}, "missing_lines": [23, 24, 26, 27, 28, 29, 31, 32, 33, 34, 36, 37], "excluded_lines": [], "start_line": 22}, "": {"executed_lines": [2, 4, 5, 7, 10, 11, 12, 13, 14, 15, 22], "summary": {"covered_lines": 11, "num_statements": 11, "percent_covered": 100.0, "percent_covered_display": "100", "missing_lines": 0, "excluded_lines": 0, "percent_statements_covered": 100.0, "percent_statements_covered_display": "100"}, "missing_lines": [], "excluded_lines": [], "start_line": 1}}, "classes": {"NewUsersBlock": {"executed_lines": [], "summary": {"covered_lines": 0, "num_statements": 12, "percent_covered": 0.0, "percent_covered_display": "0", "missing_lines": 12, "excluded_lines": 0, "percent_statements_covered": 0.0, "percent_statements_covered_display": "0"}, "missing_lines": [23, 24, 26, 27, 28, 29, 31, 32, 33, 34, 36, 37], "excluded_lines": [], "start_line": 10}, "": {"executed_lines": [2, 4, 5, 7, 10, 11, 12, 13, 14, 15, 22], "summary": {"covered_lines": 11, "num_statements": 11, "percent_covered": 100.0, "percent_covered_display": "100", "missing_lines": 0, "excluded_lines": 0, "percent_statements_covered": 100.0, "percent_statements_covered_display": "100"}, "missing_lines": [], "excluded_lines": [], "start_line": 1}}}, "app/digest/blocks/server_stats.py": {"executed_lines": [2, 4, 5, 7, 10, 11, 12, 13, 14, 15, 26, 27, 28, 29, 30, 31, 32, 34, 35, 37, 38, 40, 41, 43, 44, 45, 48, 52, 53, 54, 59, 60, 62, 63, 68, 69, 70, 71, 78, 79, 81], "summary": {"covered_lines": 41, "num_statements": 46, "percent_covered": 89.1304347826087, "percent_covered_display": "89", "missing_lines": 5, "excluded_lines": 0, "percent_statements_covered": 89.1304347826087, "percent_statements_covered_display": "89"}, "missing_lines": [49, 50, 55, 56, 57], "excluded_lines": [], "functions": {"ServerStatsBlock.collect": {"executed_lines": [27, 28, 29, 30, 31, 32, 34, 35, 37, 38, 40, 41, 43, 44, 45, 48, 52, 53, 54, 59, 60, 62, 63, 68, 69, 70, 71, 78, 79, 81], "summary": {"covered_lines": 30, "num_statements": 35, "percent_covered": 85.71428571428571, "percent_covered_display": "86", "missing_lines": 5, "excluded_lines": 0, "percent_statements_covered": 85.71428571428571, "percent_statements_covered_display": "86"}, "missing_lines": [49, 50, 55, 56, 57], "excluded_lines": [], "start_line": 26}, "": {"executed_lines": [2, 4, 5, 7, 10, 11, 12, 13, 14, 15, 26], "summary": {"covered_lines": 11, "num_statements": 11, "percent_covered": 100.0, "percent_covered_display": "100", "missing_lines": 0, "excluded_lines": 0, "percent_statements_covered": 100.0, "percent_statements_covered_display": "100"}, "missing_lines": [], "excluded_lines": [], "start_line": 1}}, "classes": {"ServerStatsBlock": {"executed_lines": [27, 28, 29, 30, 31, 32, 34, 35, 37, 38, 40, 41, 43, 44, 45, 48, 52, 53, 54, 59, 60, 62, 63, 68, 69, 70, 71, 78, 79, 81], "summary": {"covered_lines": 30, "num_statements": 35, "percent_covered": 85.71428571428571, "percent_covered_display": "86", "missing_lines": 5, "excluded_lines": 0, "percent_statements_covered": 85.71428571428571, "percent_statements_covered_display": "86"}, "missing_lines": [49, 50, 55, 56, 57], "excluded_lines": [], "start_line": 10}, "": {"executed_lines": [2, 4, 5, 7, 10, 11, 12, 13, 14, 15, 26], "summary": {"covered_lines": 11, "num_statements": 11, "percent_covered": 100.0, "percent_covered_display": "100", "missing_lines": 0, "excluded_lines": 0, "percent_statements_covered": 100.0, "percent_statements_covered_display": "100"}, "missing_lines": [], "excluded_lines": [], "start_line": 1}}}, "app/digest/blocks/upcoming_events.py": {"executed_lines": [2, 4, 5, 7, 10, 11, 12, 13, 14, 15, 22], "summary": {"covered_lines": 11, "num_statements": 27, "percent_covered": 40.74074074074074, "percent_covered_display": "41", "missing_lines": 16, "excluded_lines": 0, "percent_statements_covered": 40.74074074074074, "percent_statements_covered_display": "41"}, "missing_lines": [23, 24, 26, 27, 28, 29, 30, 32, 47, 49, 50, 51, 52, 53, 54, 60], "excluded_lines": [], "functions": {"UpcomingEventsBlock.collect": {"executed_lines": [], "summary": {"covered_lines": 0, "num_statements": 16, "percent_covered": 0.0, "percent_covered_display": "0", "missing_lines": 16, "excluded_lines": 0, "percent_statements_covered": 0.0, "percent_statements_covered_display": "0"}, "missing_lines": [23, 24, 26, 27, 28, 29, 30, 32, 47, 49, 50, 51, 52, 53, 54, 60], "excluded_lines": [], "start_line": 22}, "": {"executed_lines": [2, 4, 5, 7, 10, 11, 12, 13, 14, 15, 22], "summary": {"covered_lines": 11, "num_statements": 11, "percent_covered": 100.0, "percent_covered_display": "100", "missing_lines": 0, "excluded_lines": 0, "percent_statements_covered": 100.0, "percent_statements_covered_display": "100"}, "missing_lines": [], "excluded_lines": [], "start_line": 1}}, "classes": {"UpcomingEventsBlock": {"executed_lines": [], "summary": {"covered_lines": 0, "num_statements": 16, "percent_covered": 0.0, "percent_covered_display": "0", "missing_lines": 16, "excluded_lines": 0, "percent_statements_covered": 0.0, "percent_statements_covered_display": "0"}, "missing_lines": [23, 24, 26, 27, 28, 29, 30, 32, 47, 49, 50, 51, 52, 53, 54, 60], "excluded_lines": [], "start_line": 10}, "": {"executed_lines": [2, 4, 5, 7, 10, 11, 12, 13, 14, 15, 22], "summary": {"covered_lines": 11, "num_statements": 11, "percent_covered": 100.0, "percent_covered_display": "100", "missing_lines": 0, "excluded_lines": 0, "percent_statements_covered": 100.0, "percent_statements_covered_display": "100"}, "missing_lines": [], "excluded_lines": [], "start_line": 1}}}, "app/digest/registry.py": {"executed_lines": [5, 7, 8, 9, 10, 11, 12, 13, 15], "summary": {"covered_lines": 9, "num_statements": 9, "percent_covered": 100.0, "percent_covered_display": "100", "missing_lines": 0, "excluded_lines": 0, "percent_statements_covered": 100.0, "percent_statements_covered_display": "100"}, "missing_lines": [], "excluded_lines": [], "functions": {"": {"executed_lines": [5, 7, 8, 9, 10, 11, 12, 13, 15], "summary": {"covered_lines": 9, "num_statements": 9, "percent_covered": 100.0, "percent_covered_display": "100", "missing_lines": 0, "excluded_lines": 0, "percent_statements_covered": 100.0, "percent_statements_covered_display": "100"}, "missing_lines": [], "excluded_lines": [], "start_line": 1}}, "classes": {"": {"executed_lines": [5, 7, 8, 9, 10, 11, 12, 13, 15], "summary": {"covered_lines": 9, "num_statements": 9, "percent_covered": 100.0, "percent_covered_display": "100", "missing_lines": 0, "excluded_lines": 0, "percent_statements_covered": 100.0, "percent_statements_covered_display": "100"}, "missing_lines": [], "excluded_lines": [], "start_line": 1}}}, "app/digest/renderer.py": {"executed_lines": [2, 4, 5, 6, 8, 10, 13, 15, 16, 18, 19, 21, 22, 23, 26, 28, 29, 30, 31, 32, 34, 35, 36, 37, 44, 46, 47, 49], "summary": {"covered_lines": 28, "num_statements": 36, "percent_covered": 77.77777777777777, "percent_covered_display": "78", "missing_lines": 8, "excluded_lines": 0, "percent_statements_covered": 77.77777777777777, "percent_statements_covered_display": "78"}, "missing_lines": [24, 25, 33, 38, 39, 40, 43, 45], "excluded_lines": [], "functions": {"render_digest": {"executed_lines": [15, 16, 18, 19, 21, 22, 23, 26, 28, 29, 30, 31, 32, 34, 35, 36, 37, 44, 46, 47, 49], "summary": {"covered_lines": 21, "num_statements": 29, "percent_covered": 72.41379310344827, "percent_covered_display": "72", "missing_lines": 8, "excluded_lines": 0, "percent_statements_covered": 72.41379310344827, "percent_statements_covered_display": "72"}, "missing_lines": [24, 25, 33, 38, 39, 40, 43, 45], "excluded_lines": [], "start_line": 13}, "": {"executed_lines": [2, 4, 5, 6, 8, 10, 13], "summary": {"covered_lines": 7, "num_statements": 7, "percent_covered": 100.0, "percent_covered_display": "100", "missing_lines": 0, "excluded_lines": 0, "percent_statements_covered": 100.0, "percent_statements_covered_display": "100"}, "missing_lines": [], "excluded_lines": [], "start_line": 1}}, "classes": {"": {"executed_lines": [2, 4, 5, 6, 8, 10, 13, 15, 16, 18, 19, 21, 22, 23, 26, 28, 29, 30, 31, 32, 34, 35, 36, 37, 44, 46, 47, 49], "summary": {"covered_lines": 28, "num_statements": 36, "percent_covered": 77.77777777777777, "percent_covered_display": "78", "missing_lines": 8, "excluded_lines": 0, "percent_statements_covered": 77.77777777777777, "percent_statements_covered_display": "78"}, "missing_lines": [24, 25, 33, 38, 39, 40, 43, 45], "excluded_lines": [], "start_line": 1}}}, "app/extensions.py": {"executed_lines": [1, 3, 4, 5, 6, 7, 8, 13, 14, 15, 16, 17, 19, 20, 21, 24, 25, 26, 27, 28, 29], "summary": {"covered_lines": 21, "num_statements": 23, "percent_covered": 91.30434782608695, "percent_covered_display": "91", "missing_lines": 2, "excluded_lines": 2, "percent_statements_covered": 91.30434782608695, "percent_statements_covered_display": "91"}, "missing_lines": [30, 31], "excluded_lines": [10, 11], "functions": {"load_user": {"executed_lines": [26, 27, 28, 29], "summary": {"covered_lines": 4, "num_statements": 6, "percent_covered": 66.66666666666667, "percent_covered_display": "67", "missing_lines": 2, "excluded_lines": 0, "percent_statements_covered": 66.66666666666667, "percent_statements_covered_display": "67"}, "missing_lines": [30, 31], "excluded_lines": [], "start_line": 25}, "": {"executed_lines": [1, 3, 4, 5, 6, 7, 8, 13, 14, 15, 16, 17, 19, 20, 21, 24, 25], "summary": {"covered_lines": 17, "num_statements": 17, "percent_covered": 100.0, "percent_covered_display": "100", "missing_lines": 0, "excluded_lines": 2, "percent_statements_covered": 100.0, "percent_statements_covered_display": "100"}, "missing_lines": [], "excluded_lines": [10, 11], "start_line": 1}}, "classes": {"": {"executed_lines": [1, 3, 4, 5, 6, 7, 8, 13, 14, 15, 16, 17, 19, 20, 21, 24, 25, 26, 27, 28, 29], "summary": {"covered_lines": 21, "num_statements": 23, "percent_covered": 91.30434782608695, "percent_covered_display": "91", "missing_lines": 2, "excluded_lines": 2, "percent_statements_covered": 91.30434782608695, "percent_statements_covered_display": "91"}, "missing_lines": [30, 31], "excluded_lines": [10, 11], "start_line": 1}}}, "app/mail.py": {"executed_lines": [16, 18, 19, 20, 22, 24, 25, 31, 39, 48, 56, 59, 62, 63, 65, 66, 69, 72, 73, 74, 81, 83, 84, 85, 90, 93, 95, 97, 102, 107, 109, 110, 111, 116, 119, 121, 123, 128, 131, 133, 135, 140, 145, 151, 153, 159, 168, 173, 174, 180, 183, 184, 185, 197, 203, 204, 206, 217, 218, 221, 222, 223, 224, 225, 226, 227, 231, 233, 234, 235, 237, 238, 239, 240, 241, 242, 243, 244, 245, 246, 250, 252, 257, 258], "summary": {"covered_lines": 84, "num_statements": 94, "percent_covered": 89.36170212765957, "percent_covered_display": "89", "missing_lines": 10, "excluded_lines": 3, "percent_statements_covered": 89.36170212765957, "percent_statements_covered_display": "89"}, "missing_lines": [57, 75, 76, 96, 122, 134, 152, 193, 194, 236], "excluded_lines": [27, 28, 29], "functions": {"user_can_receive_notification": {"executed_lines": [56, 59, 62, 63, 65, 66], "summary": {"covered_lines": 6, "num_statements": 7, "percent_covered": 85.71428571428571, "percent_covered_display": "86", "missing_lines": 1, "excluded_lines": 0, "percent_statements_covered": 85.71428571428571, "percent_statements_covered_display": "86"}, "missing_lines": [57], "excluded_lines": [], "start_line": 48}, "_enqueue": {"executed_lines": [72, 73, 74], "summary": {"covered_lines": 3, "num_statements": 5, "percent_covered": 60.0, "percent_covered_display": "60", "missing_lines": 2, "excluded_lines": 0, "percent_statements_covered": 60.0, "percent_statements_covered_display": "60"}, "missing_lines": [75, 76], "excluded_lines": [], "start_line": 69}, "send_assignment_confirmed": {"executed_lines": [83, 84, 85, 90], "summary": {"covered_lines": 4, "num_statements": 4, "percent_covered": 100.0, "percent_covered_display": "100", "missing_lines": 0, "excluded_lines": 0, "percent_statements_covered": 100.0, "percent_statements_covered_display": "100"}, "missing_lines": [], "excluded_lines": [], "start_line": 81}, "send_assignment_released": {"executed_lines": [95, 97, 102], "summary": {"covered_lines": 3, "num_statements": 4, "percent_covered": 75.0, "percent_covered_display": "75", "missing_lines": 1, "excluded_lines": 0, "percent_statements_covered": 75.0, "percent_statements_covered_display": "75"}, "missing_lines": [96], "excluded_lines": [], "start_line": 93}, "send_event_published": {"executed_lines": [109, 110, 111, 116], "summary": {"covered_lines": 4, "num_statements": 4, "percent_covered": 100.0, "percent_covered_display": "100", "missing_lines": 0, "excluded_lines": 0, "percent_statements_covered": 100.0, "percent_statements_covered_display": "100"}, "missing_lines": [], "excluded_lines": [], "start_line": 107}, "send_assignments_opened": {"executed_lines": [121, 123, 128], "summary": {"covered_lines": 3, "num_statements": 4, "percent_covered": 75.0, "percent_covered_display": "75", "missing_lines": 1, "excluded_lines": 0, "percent_statements_covered": 75.0, "percent_statements_covered_display": "75"}, "missing_lines": [122], "excluded_lines": [], "start_line": 119}, "send_event_cancelled": {"executed_lines": [133, 135, 140], "summary": {"covered_lines": 3, "num_statements": 4, "percent_covered": 75.0, "percent_covered_display": "75", "missing_lines": 1, "excluded_lines": 0, "percent_statements_covered": 75.0, "percent_statements_covered_display": "75"}, "missing_lines": [134], "excluded_lines": [], "start_line": 131}, "send_unfilled_spots_reminder": {"executed_lines": [151, 153, 159], "summary": {"covered_lines": 3, "num_statements": 4, "percent_covered": 75.0, "percent_covered_display": "75", "missing_lines": 1, "excluded_lines": 0, "percent_statements_covered": 75.0, "percent_statements_covered_display": "75"}, "missing_lines": [152], "excluded_lines": [], "start_line": 145}, "send_admin_digest": {"executed_lines": [173, 174], "summary": {"covered_lines": 2, "num_statements": 2, "percent_covered": 100.0, "percent_covered_display": "100", "missing_lines": 0, "excluded_lines": 0, "percent_statements_covered": 100.0, "percent_statements_covered_display": "100"}, "missing_lines": [], "excluded_lines": [], "start_line": 168}, "_write_failure_audit": {"executed_lines": [183, 184, 185], "summary": {"covered_lines": 3, "num_statements": 5, "percent_covered": 60.0, "percent_covered_display": "60", "missing_lines": 2, "excluded_lines": 0, "percent_statements_covered": 60.0, "percent_statements_covered_display": "60"}, "missing_lines": [193, 194], "excluded_lines": [], "start_line": 180}, "drain_one_outbox_email": {"executed_lines": [203, 204, 206, 217, 218, 221, 222, 223, 224, 225, 226, 227, 231, 233, 234, 235, 237, 238, 239, 240, 241, 242, 243, 244, 245, 246, 250, 252, 257, 258], "summary": {"covered_lines": 30, "num_statements": 31, "percent_covered": 96.7741935483871, "percent_covered_display": "97", "missing_lines": 1, "excluded_lines": 0, "percent_statements_covered": 96.7741935483871, "percent_statements_covered_display": "97"}, "missing_lines": [236], "excluded_lines": [], "start_line": 197}, "": {"executed_lines": [16, 18, 19, 20, 22, 24, 25, 31, 39, 48, 69, 81, 93, 107, 119, 131, 145, 168, 180, 197], "summary": {"covered_lines": 20, "num_statements": 20, "percent_covered": 100.0, "percent_covered_display": "100", "missing_lines": 0, "excluded_lines": 3, "percent_statements_covered": 100.0, "percent_statements_covered_display": "100"}, "missing_lines": [], "excluded_lines": [27, 28, 29], "start_line": 1}}, "classes": {"": {"executed_lines": [16, 18, 19, 20, 22, 24, 25, 31, 39, 48, 56, 59, 62, 63, 65, 66, 69, 72, 73, 74, 81, 83, 84, 85, 90, 93, 95, 97, 102, 107, 109, 110, 111, 116, 119, 121, 123, 128, 131, 133, 135, 140, 145, 151, 153, 159, 168, 173, 174, 180, 183, 184, 185, 197, 203, 204, 206, 217, 218, 221, 222, 223, 224, 225, 226, 227, 231, 233, 234, 235, 237, 238, 239, 240, 241, 242, 243, 244, 245, 246, 250, 252, 257, 258], "summary": {"covered_lines": 84, "num_statements": 94, "percent_covered": 89.36170212765957, "percent_covered_display": "89", "missing_lines": 10, "excluded_lines": 3, "percent_statements_covered": 89.36170212765957, "percent_statements_covered_display": "89"}, "missing_lines": [57, 75, 76, 96, 122, 134, 152, 193, 194, 236], "excluded_lines": [27, 28, 29], "start_line": 1}}}, "app/models/__init__.py": {"executed_lines": [1, 2, 3, 4, 5, 6, 7, 8, 9, 10, 11, 12, 13, 14, 15], "summary": {"covered_lines": 15, "num_statements": 15, "percent_covered": 100.0, "percent_covered_display": "100", "missing_lines": 0, "excluded_lines": 0, "percent_statements_covered": 100.0, "percent_statements_covered_display": "100"}, "missing_lines": [], "excluded_lines": [], "functions": {"": {"executed_lines": [1, 2, 3, 4, 5, 6, 7, 8, 9, 10, 11, 12, 13, 14, 15], "summary": {"covered_lines": 15, "num_statements": 15, "percent_covered": 100.0, "percent_covered_display": "100", "missing_lines": 0, "excluded_lines": 0, "percent_statements_covered": 100.0, "percent_statements_covered_display": "100"}, "missing_lines": [], "excluded_lines": [], "start_line": 1}}, "classes": {"": {"executed_lines": [1, 2, 3, 4, 5, 6, 7, 8, 9, 10, 11, 12, 13, 14, 15], "summary": {"covered_lines": 15, "num_statements": 15, "percent_covered": 100.0, "percent_covered_display": "100", "missing_lines": 0, "excluded_lines": 0, "percent_statements_covered": 100.0, "percent_statements_covered_display": "100"}, "missing_lines": [], "excluded_lines": [], "start_line": 1}}}, "app/models/assignment.py": {"executed_lines": [1, 3, 4, 5, 6, 12, 13, 15, 16, 17, 18, 19, 25, 26, 27, 28, 32, 36, 37, 39, 40, 41, 42, 43, 44, 45, 46, 52, 53, 55], "summary": {"covered_lines": 30, "num_statements": 32, "percent_covered": 93.75, "percent_covered_display": "94", "missing_lines": 2, "excluded_lines": 2, "percent_statements_covered": 93.75, "percent_statements_covered_display": "94"}, "missing_lines": [33, 56], "excluded_lines": [8, 9], "functions": {"Assignment.__repr__": {"executed_lines": [], "summary": {"covered_lines": 0, "num_statements": 1, "percent_covered": 0.0, "percent_covered_display": "0", "missing_lines": 1, "excluded_lines": 0, "percent_statements_covered": 0.0, "percent_statements_covered_display": "0"}, "missing_lines": [33], "excluded_lines": [], "start_line": 32}, "DebriefingRecord.__repr__": {"executed_lines": [], "summary": {"covered_lines": 0, "num_statements": 1, "percent_covered": 0.0, "percent_covered_display": "0", "missing_lines": 1, "excluded_lines": 0, "percent_statements_covered": 0.0, "percent_statements_covered_display": "0"}, "missing_lines": [56], "excluded_lines": [], "start_line": 55}, "": {"executed_lines": [1, 3, 4, 5, 6, 12, 13, 15, 16, 17, 18, 19, 25, 26, 27, 28, 32, 36, 37, 39, 40, 41, 42, 43, 44, 45, 46, 52, 53, 55], "summary": {"covered_lines": 30, "num_statements": 30, "percent_covered": 100.0, "percent_covered_display": "100", "missing_lines": 0, "excluded_lines": 2, "percent_statements_covered": 100.0, "percent_statements_covered_display": "100"}, "missing_lines": [], "excluded_lines": [8, 9], "start_line": 1}}, "classes": {"Assignment": {"executed_lines": [], "summary": {"covered_lines": 0, "num_statements": 1, "percent_covered": 0.0, "percent_covered_display": "0", "missing_lines": 1, "excluded_lines": 0, "percent_statements_covered": 0.0, "percent_statements_covered_display": "0"}, "missing_lines": [33], "excluded_lines": [], "start_line": 12}, "DebriefingRecord": {"executed_lines": [], "summary": {"covered_lines": 0, "num_statements": 1, "percent_covered": 0.0, "percent_covered_display": "0", "missing_lines": 1, "excluded_lines": 0, "percent_statements_covered": 0.0, "percent_statements_covered_display": "0"}, "missing_lines": [56], "excluded_lines": [], "start_line": 36}, "": {"executed_lines": [1, 3, 4, 5, 6, 12, 13, 15, 16, 17, 18, 19, 25, 26, 27, 28, 32, 36, 37, 39, 40, 41, 42, 43, 44, 45, 46, 52, 53, 55], "summary": {"covered_lines": 30, "num_statements": 30, "percent_covered": 100.0, "percent_covered_display": "100", "missing_lines": 0, "excluded_lines": 2, "percent_statements_covered": 100.0, "percent_statements_covered_display": "100"}, "missing_lines": [], "excluded_lines": [8, 9], "start_line": 1}}}, "app/models/audit.py": {"executed_lines": [1, 3, 4, 7, 8, 10, 11, 17, 18, 19, 20, 21, 22, 24, 26], "summary": {"covered_lines": 15, "num_statements": 16, "percent_covered": 93.75, "percent_covered_display": "94", "missing_lines": 1, "excluded_lines": 0, "percent_statements_covered": 93.75, "percent_statements_covered_display": "94"}, "missing_lines": [27], "excluded_lines": [], "functions": {"AuditLogEntry.__repr__": {"executed_lines": [], "summary": {"covered_lines": 0, "num_statements": 1, "percent_covered": 0.0, "percent_covered_display": "0", "missing_lines": 1, "excluded_lines": 0, "percent_statements_covered": 0.0, "percent_statements_covered_display": "0"}, "missing_lines": [27], "excluded_lines": [], "start_line": 26}, "": {"executed_lines": [1, 3, 4, 7, 8, 10, 11, 17, 18, 19, 20, 21, 22, 24, 26], "summary": {"covered_lines": 15, "num_statements": 15, "percent_covered": 100.0, "percent_covered_display": "100", "missing_lines": 0, "excluded_lines": 0, "percent_statements_covered": 100.0, "percent_statements_covered_display": "100"}, "missing_lines": [], "excluded_lines": [], "start_line": 1}}, "classes": {"AuditLogEntry": {"executed_lines": [], "summary": {"covered_lines": 0, "num_statements": 1, "percent_covered": 0.0, "percent_covered_display": "0", "missing_lines": 1, "excluded_lines": 0, "percent_statements_covered": 0.0, "percent_statements_covered_display": "0"}, "missing_lines": [27], "excluded_lines": [], "start_line": 7}, "": {"executed_lines": [1, 3, 4, 7, 8, 10, 11, 17, 18, 19, 20, 21, 22, 24, 26], "summary": {"covered_lines": 15, "num_statements": 15, "percent_covered": 100.0, "percent_covered_display": "100", "missing_lines": 0, "excluded_lines": 0, "percent_statements_covered": 100.0, "percent_statements_covered_display": "100"}, "missing_lines": [], "excluded_lines": [], "start_line": 1}}}, "app/models/digest.py": {"executed_lines": [1, 3, 5, 8, 14, 16, 17, 20, 23, 25, 28, 34, 35, 37, 39, 46, 50, 58, 60, 61, 67, 68, 69, 70, 71, 73, 75, 79, 87, 89, 90, 96, 97, 99, 103, 105, 107, 108, 109, 110, 111, 113, 114, 121, 122], "summary": {"covered_lines": 45, "num_statements": 48, "percent_covered": 93.75, "percent_covered_display": "94", "missing_lines": 3, "excluded_lines": 0, "percent_statements_covered": 93.75, "percent_statements_covered_display": "94"}, "missing_lines": [47, 76, 100], "excluded_lines": [], "functions": {"DigestSchedule.__repr__": {"executed_lines": [], "summary": {"covered_lines": 0, "num_statements": 1, "percent_covered": 0.0, "percent_covered_display": "0", "missing_lines": 1, "excluded_lines": 0, "percent_statements_covered": 0.0, "percent_statements_covered_display": "0"}, "missing_lines": [47], "excluded_lines": [], "start_line": 46}, "DigestBlock.__repr__": {"executed_lines": [], "summary": {"covered_lines": 0, "num_statements": 1, "percent_covered": 0.0, "percent_covered_display": "0", "missing_lines": 1, "excluded_lines": 0, "percent_statements_covered": 0.0, "percent_statements_covered_display": "0"}, "missing_lines": [76], "excluded_lines": [], "start_line": 75}, "DigestMetricSnapshot.__repr__": {"executed_lines": [], "summary": {"covered_lines": 0, "num_statements": 1, "percent_covered": 0.0, "percent_covered_display": "0", "missing_lines": 1, "excluded_lines": 0, "percent_statements_covered": 0.0, "percent_statements_covered_display": "0"}, "missing_lines": [100], "excluded_lines": [], "start_line": 99}, "get_digest_schedule": {"executed_lines": [105, 107, 108, 109, 110, 111, 113, 114, 121, 122], "summary": {"covered_lines": 10, "num_statements": 10, "percent_covered": 100.0, "percent_covered_display": "100", "missing_lines": 0, "excluded_lines": 0, "percent_statements_covered": 100.0, "percent_statements_covered_display": "100"}, "missing_lines": [], "excluded_lines": [], "start_line": 103}, "": {"executed_lines": [1, 3, 5, 8, 14, 16, 17, 20, 23, 25, 28, 34, 35, 37, 39, 46, 50, 58, 60, 61, 67, 68, 69, 70, 71, 73, 75, 79, 87, 89, 90, 96, 97, 99, 103], "summary": {"covered_lines": 35, "num_statements": 35, "percent_covered": 100.0, "percent_covered_display": "100", "missing_lines": 0, "excluded_lines": 0, "percent_statements_covered": 100.0, "percent_statements_covered_display": "100"}, "missing_lines": [], "excluded_lines": [], "start_line": 1}}, "classes": {"DigestSchedule": {"executed_lines": [], "summary": {"covered_lines": 0, "num_statements": 1, "percent_covered": 0.0, "percent_covered_display": "0", "missing_lines": 1, "excluded_lines": 0, "percent_statements_covered": 0.0, "percent_statements_covered_display": "0"}, "missing_lines": [47], "excluded_lines": [], "start_line": 8}, "DigestBlock": {"executed_lines": [], "summary": {"covered_lines": 0, "num_statements": 1, "percent_covered": 0.0, "percent_covered_display": "0", "missing_lines": 1, "excluded_lines": 0, "percent_statements_covered": 0.0, "percent_statements_covered_display": "0"}, "missing_lines": [76], "excluded_lines": [], "start_line": 50}, "DigestMetricSnapshot": {"executed_lines": [], "summary": {"covered_lines": 0, "num_statements": 1, "percent_covered": 0.0, "percent_covered_display": "0", "missing_lines": 1, "excluded_lines": 0, "percent_statements_covered": 0.0, "percent_statements_covered_display": "0"}, "missing_lines": [100], "excluded_lines": [], "start_line": 79}, "": {"executed_lines": [1, 3, 5, 8, 14, 16, 17, 20, 23, 25, 28, 34, 35, 37, 39, 46, 50, 58, 60, 61, 67, 68, 69, 70, 71, 73, 75, 79, 87, 89, 90, 96, 97, 99, 103, 105, 107, 108, 109, 110, 111, 113, 114, 121, 122], "summary": {"covered_lines": 45, "num_statements": 45, "percent_covered": 100.0, "percent_covered_display": "100", "missing_lines": 0, "excluded_lines": 0, "percent_statements_covered": 100.0, "percent_statements_covered_display": "100"}, "missing_lines": [], "excluded_lines": [], "start_line": 1}}}, "app/models/equipment.py": {"executed_lines": [1, 3, 4, 5, 7, 14, 15, 16, 19, 20, 22, 23, 24, 25, 29, 30, 35, 42, 43, 45, 49, 50, 52, 53, 54, 55, 56, 57, 58, 59, 60, 61, 66, 73, 74, 75, 77, 81, 82, 84, 85, 86, 88, 89, 91, 95, 96, 97, 101, 102, 103, 104, 109, 111, 112, 114, 118, 119, 121, 122, 123, 125, 126, 128], "summary": {"covered_lines": 64, "num_statements": 69, "percent_covered": 92.7536231884058, "percent_covered_display": "93", "missing_lines": 5, "excluded_lines": 3, "percent_statements_covered": 92.7536231884058, "percent_statements_covered_display": "93"}, "missing_lines": [46, 78, 92, 115, 129], "excluded_lines": [9, 10, 11], "functions": {"EquipmentType.__repr__": {"executed_lines": [], "summary": {"covered_lines": 0, "num_statements": 1, "percent_covered": 0.0, "percent_covered_display": "0", "missing_lines": 1, "excluded_lines": 0, "percent_statements_covered": 0.0, "percent_statements_covered_display": "0"}, "missing_lines": [46], "excluded_lines": [], "start_line": 45}, "EquipmentItem.__repr__": {"executed_lines": [], "summary": {"covered_lines": 0, "num_statements": 1, "percent_covered": 0.0, "percent_covered_display": "0", "missing_lines": 1, "excluded_lines": 0, "percent_statements_covered": 0.0, "percent_statements_covered_display": "0"}, "missing_lines": [78], "excluded_lines": [], "start_line": 77}, "EventEquipmentPlan.__repr__": {"executed_lines": [], "summary": {"covered_lines": 0, "num_statements": 1, "percent_covered": 0.0, "percent_covered_display": "0", "missing_lines": 1, "excluded_lines": 0, "percent_statements_covered": 0.0, "percent_statements_covered_display": "0"}, "missing_lines": [92], "excluded_lines": [], "start_line": 91}, "EventEquipmentAssignment.__repr__": {"executed_lines": [], "summary": {"covered_lines": 0, "num_statements": 1, "percent_covered": 0.0, "percent_covered_display": "0", "missing_lines": 1, "excluded_lines": 0, "percent_statements_covered": 0.0, "percent_statements_covered_display": "0"}, "missing_lines": [115], "excluded_lines": [], "start_line": 114}, "EventTemplateEquipmentPlan.__repr__": {"executed_lines": [], "summary": {"covered_lines": 0, "num_statements": 1, "percent_covered": 0.0, "percent_covered_display": "0", "missing_lines": 1, "excluded_lines": 0, "percent_statements_covered": 0.0, "percent_statements_covered_display": "0"}, "missing_lines": [129], "excluded_lines": [], "start_line": 128}, "": {"executed_lines": [1, 3, 4, 5, 7, 14, 15, 16, 19, 20, 22, 23, 24, 25, 29, 30, 35, 42, 43, 45, 49, 50, 52, 53, 54, 55, 56, 57, 58, 59, 60, 61, 66, 73, 74, 75, 77, 81, 82, 84, 85, 86, 88, 89, 91, 95, 96, 97, 101, 102, 103, 104, 109, 111, 112, 114, 118, 119, 121, 122, 123, 125, 126, 128], "summary": {"covered_lines": 64, "num_statements": 64, "percent_covered": 100.0, "percent_covered_display": "100", "missing_lines": 0, "excluded_lines": 3, "percent_statements_covered": 100.0, "percent_statements_covered_display": "100"}, "missing_lines": [], "excluded_lines": [9, 10, 11], "start_line": 1}}, "classes": {"EquipmentCategory": {"executed_lines": [], "summary": {"covered_lines": 0, "num_statements": 0, "percent_covered": 100.0, "percent_covered_display": "100", "missing_lines": 0, "excluded_lines": 0, "percent_statements_covered": 100.0, "percent_statements_covered_display": "100"}, "missing_lines": [], "excluded_lines": [], "start_line": 14}, "EquipmentType": {"executed_lines": [], "summary": {"covered_lines": 0, "num_statements": 1, "percent_covered": 0.0, "percent_covered_display": "0", "missing_lines": 1, "excluded_lines": 0, "percent_statements_covered": 0.0, "percent_statements_covered_display": "0"}, "missing_lines": [46], "excluded_lines": [], "start_line": 19}, "EquipmentItem": {"executed_lines": [], "summary": {"covered_lines": 0, "num_statements": 1, "percent_covered": 0.0, "percent_covered_display": "0", "missing_lines": 1, "excluded_lines": 0, "percent_statements_covered": 0.0, "percent_statements_covered_display": "0"}, "missing_lines": [78], "excluded_lines": [], "start_line": 49}, "EventEquipmentPlan": {"executed_lines": [], "summary": {"covered_lines": 0, "num_statements": 1, "percent_covered": 0.0, "percent_covered_display": "0", "missing_lines": 1, "excluded_lines": 0, "percent_statements_covered": 0.0, "percent_statements_covered_display": "0"}, "missing_lines": [92], "excluded_lines": [], "start_line": 81}, "EventEquipmentAssignment": {"executed_lines": [], "summary": {"covered_lines": 0, "num_statements": 1, "percent_covered": 0.0, "percent_covered_display": "0", "missing_lines": 1, "excluded_lines": 0, "percent_statements_covered": 0.0, "percent_statements_covered_display": "0"}, "missing_lines": [115], "excluded_lines": [], "start_line": 95}, "EventTemplateEquipmentPlan": {"executed_lines": [], "summary": {"covered_lines": 0, "num_statements": 1, "percent_covered": 0.0, "percent_covered_display": "0", "missing_lines": 1, "excluded_lines": 0, "percent_statements_covered": 0.0, "percent_statements_covered_display": "0"}, "missing_lines": [129], "excluded_lines": [], "start_line": 118}, "": {"executed_lines": [1, 3, 4, 5, 7, 14, 15, 16, 19, 20, 22, 23, 24, 25, 29, 30, 35, 42, 43, 45, 49, 50, 52, 53, 54, 55, 56, 57, 58, 59, 60, 61, 66, 73, 74, 75, 77, 81, 82, 84, 85, 86, 88, 89, 91, 95, 96, 97, 101, 102, 103, 104, 109, 111, 112, 114, 118, 119, 121, 122, 123, 125, 126, 128], "summary": {"covered_lines": 64, "num_statements": 64, "percent_covered": 100.0, "percent_covered_display": "100", "missing_lines": 0, "excluded_lines": 3, "percent_statements_covered": 100.0, "percent_statements_covered_display": "100"}, "missing_lines": [], "excluded_lines": [9, 10, 11], "start_line": 1}}}, "app/models/event.py": {"executed_lines": [1, 3, 4, 5, 6, 7, 15, 16, 17, 18, 19, 20, 21, 25, 32, 39, 40, 42, 43, 44, 45, 48, 49, 54, 61, 63, 67, 72, 77, 81, 82, 84, 85, 86, 87, 89, 90, 94, 98, 99, 101, 102, 103, 104, 109, 110, 111, 113, 114, 115, 116, 117, 118, 119, 121, 124, 126, 127, 132, 139, 140, 141, 142, 143, 144, 147, 148, 149, 151, 152, 153, 155, 156, 157, 159, 160, 161, 163, 164, 167, 168, 172, 173, 177, 178, 179, 180, 181, 182, 183, 184, 185, 187, 189, 194, 198, 199, 201, 202, 203, 204, 206, 208, 209, 212, 216, 218, 219, 220, 227], "summary": {"covered_lines": 110, "num_statements": 129, "percent_covered": 85.27131782945736, "percent_covered_display": "85", "missing_lines": 19, "excluded_lines": 4, "percent_statements_covered": 85.27131782945736, "percent_statements_covered_display": "85"}, "missing_lines": [73, 74, 75, 78, 95, 165, 170, 175, 186, 190, 191, 192, 195, 221, 222, 223, 224, 225, 228], "excluded_lines": [9, 10, 11, 12], "functions": {"EventTemplate.reminder_hours": {"executed_lines": [], "summary": {"covered_lines": 0, "num_statements": 3, "percent_covered": 0.0, "percent_covered_display": "0", "missing_lines": 3, "excluded_lines": 0, "percent_statements_covered": 0.0, "percent_statements_covered_display": "0"}, "missing_lines": [73, 74, 75], "excluded_lines": [], "start_line": 72}, "EventTemplate.__repr__": {"executed_lines": [], "summary": {"covered_lines": 0, "num_statements": 1, "percent_covered": 0.0, "percent_covered_display": "0", "missing_lines": 1, "excluded_lines": 0, "percent_statements_covered": 0.0, "percent_statements_covered_display": "0"}, "missing_lines": [78], "excluded_lines": [], "start_line": 77}, "EventSpotTemplate.__repr__": {"executed_lines": [], "summary": {"covered_lines": 0, "num_statements": 1, "percent_covered": 0.0, "percent_covered_display": "0", "missing_lines": 1, "excluded_lines": 0, "percent_statements_covered": 0.0, "percent_statements_covered_display": "0"}, "missing_lines": [95], "excluded_lines": [], "start_line": 94}, "Event.total_spots": {"executed_lines": [149], "summary": {"covered_lines": 1, "num_statements": 1, "percent_covered": 100.0, "percent_covered_display": "100", "missing_lines": 0, "excluded_lines": 0, "percent_statements_covered": 100.0, "percent_statements_covered_display": "100"}, "missing_lines": [], "excluded_lines": [], "start_line": 148}, "Event.filled_spots": {"executed_lines": [153], "summary": {"covered_lines": 1, "num_statements": 1, "percent_covered": 100.0, "percent_covered_display": "100", "missing_lines": 0, "excluded_lines": 0, "percent_statements_covered": 100.0, "percent_statements_covered_display": "100"}, "missing_lines": [], "excluded_lines": [], "start_line": 152}, "Event.mandatory_total_spots": {"executed_lines": [157], "summary": {"covered_lines": 1, "num_statements": 1, "percent_covered": 100.0, "percent_covered_display": "100", "missing_lines": 0, "excluded_lines": 0, "percent_statements_covered": 100.0, "percent_statements_covered_display": "100"}, "missing_lines": [], "excluded_lines": [], "start_line": 156}, "Event.mandatory_filled_spots": {"executed_lines": [161], "summary": {"covered_lines": 1, "num_statements": 1, "percent_covered": 100.0, "percent_covered_display": "100", "missing_lines": 0, "excluded_lines": 0, "percent_statements_covered": 100.0, "percent_statements_covered_display": "100"}, "missing_lines": [], "excluded_lines": [], "start_line": 160}, "Event.optional_total_spots": {"executed_lines": [], "summary": {"covered_lines": 0, "num_statements": 1, "percent_covered": 0.0, "percent_covered_display": "0", "missing_lines": 1, "excluded_lines": 0, "percent_statements_covered": 0.0, "percent_statements_covered_display": "0"}, "missing_lines": [165], "excluded_lines": [], "start_line": 164}, "Event.unfilled_spots": {"executed_lines": [], "summary": {"covered_lines": 0, "num_statements": 1, "percent_covered": 0.0, "percent_covered_display": "0", "missing_lines": 1, "excluded_lines": 0, "percent_statements_covered": 0.0, "percent_statements_covered_display": "0"}, "missing_lines": [170], "excluded_lines": [], "start_line": 168}, "Event.is_unfilled": {"executed_lines": [], "summary": {"covered_lines": 0, "num_statements": 1, "percent_covered": 0.0, "percent_covered_display": "0", "missing_lines": 1, "excluded_lines": 0, "percent_statements_covered": 0.0, "percent_statements_covered_display": "0"}, "missing_lines": [175], "excluded_lines": [], "start_line": 173}, "Event.staffing_status": {"executed_lines": [179, 180, 181, 182, 183, 184, 185, 187], "summary": {"covered_lines": 8, "num_statements": 9, "percent_covered": 88.88888888888889, "percent_covered_display": "89", "missing_lines": 1, "excluded_lines": 0, "percent_statements_covered": 88.88888888888889, "percent_statements_covered_display": "89"}, "missing_lines": [186], "excluded_lines": [], "start_line": 178}, "Event.reminder_hours": {"executed_lines": [], "summary": {"covered_lines": 0, "num_statements": 3, "percent_covered": 0.0, "percent_covered_display": "0", "missing_lines": 3, "excluded_lines": 0, "percent_statements_covered": 0.0, "percent_statements_covered_display": "0"}, "missing_lines": [190, 191, 192], "excluded_lines": [], "start_line": 189}, "Event.__repr__": {"executed_lines": [], "summary": {"covered_lines": 0, "num_statements": 1, "percent_covered": 0.0, "percent_covered_display": "0", "missing_lines": 1, "excluded_lines": 0, "percent_statements_covered": 0.0, "percent_statements_covered_display": "0"}, "missing_lines": [195], "excluded_lines": [], "start_line": 194}, "EventSpot.is_eligible": {"executed_lines": [218, 219, 220], "summary": {"covered_lines": 3, "num_statements": 8, "percent_covered": 37.5, "percent_covered_display": "38", "missing_lines": 5, "excluded_lines": 0, "percent_statements_covered": 37.5, "percent_statements_covered_display": "38"}, "missing_lines": [221, 222, 223, 224, 225], "excluded_lines": [], "start_line": 216}, "EventSpot.__repr__": {"executed_lines": [], "summary": {"covered_lines": 0, "num_statements": 1, "percent_covered": 0.0, "percent_covered_display": "0", "missing_lines": 1, "excluded_lines": 0, "percent_statements_covered": 0.0, "percent_statements_covered_display": "0"}, "missing_lines": [228], "excluded_lines": [], "start_line": 227}, "": {"executed_lines": [1, 3, 4, 5, 6, 7, 15, 16, 17, 18, 19, 20, 21, 25, 32, 39, 40, 42, 43, 44, 45, 48, 49, 54, 61, 63, 67, 72, 77, 81, 82, 84, 85, 86, 87, 89, 90, 94, 98, 99, 101, 102, 103, 104, 109, 110, 111, 113, 114, 115, 116, 117, 118, 119, 121, 124, 126, 127, 132, 139, 140, 141, 142, 143, 144, 147, 148, 151, 152, 155, 156, 159, 160, 163, 164, 167, 168, 172, 173, 177, 178, 189, 194, 198, 199, 201, 202, 203, 204, 206, 208, 209, 212, 216, 227], "summary": {"covered_lines": 95, "num_statements": 95, "percent_covered": 100.0, "percent_covered_display": "100", "missing_lines": 0, "excluded_lines": 4, "percent_statements_covered": 100.0, "percent_statements_covered_display": "100"}, "missing_lines": [], "excluded_lines": [9, 10, 11, 12], "start_line": 1}}, "classes": {"EventStatus": {"executed_lines": [], "summary": {"covered_lines": 0, "num_statements": 0, "percent_covered": 100.0, "percent_covered_display": "100", "missing_lines": 0, "excluded_lines": 0, "percent_statements_covered": 100.0, "percent_statements_covered_display": "100"}, "missing_lines": [], "excluded_lines": [], "start_line": 15}, "EventTemplate": {"executed_lines": [], "summary": {"covered_lines": 0, "num_statements": 4, "percent_covered": 0.0, "percent_covered_display": "0", "missing_lines": 4, "excluded_lines": 0, "percent_statements_covered": 0.0, "percent_statements_covered_display": "0"}, "missing_lines": [73, 74, 75, 78], "excluded_lines": [], "start_line": 39}, "EventSpotTemplate": {"executed_lines": [], "summary": {"covered_lines": 0, "num_statements": 1, "percent_covered": 0.0, "percent_covered_display": "0", "missing_lines": 1, "excluded_lines": 0, "percent_statements_covered": 0.0, "percent_statements_covered_display": "0"}, "missing_lines": [95], "excluded_lines": [], "start_line": 81}, "Event": {"executed_lines": [149, 153, 157, 161, 179, 180, 181, 182, 183, 184, 185, 187], "summary": {"covered_lines": 12, "num_statements": 20, "percent_covered": 60.0, "percent_covered_display": "60", "missing_lines": 8, "excluded_lines": 0, "percent_statements_covered": 60.0, "percent_statements_covered_display": "60"}, "missing_lines": [165, 170, 175, 186, 190, 191, 192, 195], "excluded_lines": [], "start_line": 98}, "EventSpot": {"executed_lines": [218, 219, 220], "summary": {"covered_lines": 3, "num_statements": 9, "percent_covered": 33.333333333333336, "percent_covered_display": "33", "missing_lines": 6, "excluded_lines": 0, "percent_statements_covered": 33.333333333333336, "percent_statements_covered_display": "33"}, "missing_lines": [221, 222, 223, 224, 225, 228], "excluded_lines": [], "start_line": 198}, "": {"executed_lines": [1, 3, 4, 5, 6, 7, 15, 16, 17, 18, 19, 20, 21, 25, 32, 39, 40, 42, 43, 44, 45, 48, 49, 54, 61, 63, 67, 72, 77, 81, 82, 84, 85, 86, 87, 89, 90, 94, 98, 99, 101, 102, 103, 104, 109, 110, 111, 113, 114, 115, 116, 117, 118, 119, 121, 124, 126, 127, 132, 139, 140, 141, 142, 143, 144, 147, 148, 151, 152, 155, 156, 159, 160, 163, 164, 167, 168, 172, 173, 177, 178, 189, 194, 198, 199, 201, 202, 203, 204, 206, 208, 209, 212, 216, 227], "summary": {"covered_lines": 95, "num_statements": 95, "percent_covered": 100.0, "percent_covered_display": "100", "missing_lines": 0, "excluded_lines": 4, "percent_statements_covered": 100.0, "percent_statements_covered_display": "100"}, "missing_lines": [], "excluded_lines": [9, 10, 11, 12], "start_line": 1}}}, "app/models/feedback.py": {"executed_lines": [1, 3, 4, 6, 9, 10, 12, 13, 19, 20, 21, 22, 23, 24, 30], "summary": {"covered_lines": 15, "num_statements": 15, "percent_covered": 100.0, "percent_covered_display": "100", "missing_lines": 0, "excluded_lines": 0, "percent_statements_covered": 100.0, "percent_statements_covered_display": "100"}, "missing_lines": [], "excluded_lines": [], "functions": {"": {"executed_lines": [1, 3, 4, 6, 9, 10, 12, 13, 19, 20, 21, 22, 23, 24, 30], "summary": {"covered_lines": 15, "num_statements": 15, "percent_covered": 100.0, "percent_covered_display": "100", "missing_lines": 0, "excluded_lines": 0, "percent_statements_covered": 100.0, "percent_statements_covered_display": "100"}, "missing_lines": [], "excluded_lines": [], "start_line": 1}}, "classes": {"UserFeedback": {"executed_lines": [], "summary": {"covered_lines": 0, "num_statements": 0, "percent_covered": 100.0, "percent_covered_display": "100", "missing_lines": 0, "excluded_lines": 0, "percent_statements_covered": 100.0, "percent_statements_covered_display": "100"}, "missing_lines": [], "excluded_lines": [], "start_line": 9}, "": {"executed_lines": [1, 3, 4, 6, 9, 10, 12, 13, 19, 20, 21, 22, 23, 24, 30], "summary": {"covered_lines": 15, "num_statements": 15, "percent_covered": 100.0, "percent_covered_display": "100", "missing_lines": 0, "excluded_lines": 0, "percent_statements_covered": 100.0, "percent_statements_covered_display": "100"}, "missing_lines": [], "excluded_lines": [], "start_line": 1}}}, "app/models/invite.py": {"executed_lines": [1, 3, 4, 5, 8, 9, 11, 12, 13, 14, 15, 20, 21, 24, 25, 28, 29, 32, 33, 35, 37, 38, 39, 41, 42, 43, 45, 46, 47, 48, 49, 51, 52, 53, 55, 56, 62], "summary": {"covered_lines": 37, "num_statements": 41, "percent_covered": 90.2439024390244, "percent_covered_display": "90", "missing_lines": 4, "excluded_lines": 0, "percent_statements_covered": 90.2439024390244, "percent_statements_covered_display": "90"}, "missing_lines": [58, 59, 60, 63], "excluded_lines": [], "functions": {"RegistrationInvite.is_cancelled": {"executed_lines": [39], "summary": {"covered_lines": 1, "num_statements": 1, "percent_covered": 100.0, "percent_covered_display": "100", "missing_lines": 0, "excluded_lines": 0, "percent_statements_covered": 100.0, "percent_statements_covered_display": "100"}, "missing_lines": [], "excluded_lines": [], "start_line": 38}, "RegistrationInvite.is_used": {"executed_lines": [43], "summary": {"covered_lines": 1, "num_statements": 1, "percent_covered": 100.0, "percent_covered_display": "100", "missing_lines": 0, "excluded_lines": 0, "percent_statements_covered": 100.0, "percent_statements_covered_display": "100"}, "missing_lines": [], "excluded_lines": [], "start_line": 42}, "RegistrationInvite.is_expired": {"executed_lines": [47, 48, 49], "summary": {"covered_lines": 3, "num_statements": 3, "percent_covered": 100.0, "percent_covered_display": "100", "missing_lines": 0, "excluded_lines": 0, "percent_statements_covered": 100.0, "percent_statements_covered_display": "100"}, "missing_lines": [], "excluded_lines": [], "start_line": 46}, "RegistrationInvite.is_valid": {"executed_lines": [53], "summary": {"covered_lines": 1, "num_statements": 1, "percent_covered": 100.0, "percent_covered_display": "100", "missing_lines": 0, "excluded_lines": 0, "percent_statements_covered": 100.0, "percent_statements_covered_display": "100"}, "missing_lines": [], "excluded_lines": [], "start_line": 52}, "RegistrationInvite.email_status": {"executed_lines": [], "summary": {"covered_lines": 0, "num_statements": 3, "percent_covered": 0.0, "percent_covered_display": "0", "missing_lines": 3, "excluded_lines": 0, "percent_statements_covered": 0.0, "percent_statements_covered_display": "0"}, "missing_lines": [58, 59, 60], "excluded_lines": [], "start_line": 56}, "RegistrationInvite.__repr__": {"executed_lines": [], "summary": {"covered_lines": 0, "num_statements": 1, "percent_covered": 0.0, "percent_covered_display": "0", "missing_lines": 1, "excluded_lines": 0, "percent_statements_covered": 0.0, "percent_statements_covered_display": "0"}, "missing_lines": [63], "excluded_lines": [], "start_line": 62}, "": {"executed_lines": [1, 3, 4, 5, 8, 9, 11, 12, 13, 14, 15, 20, 21, 24, 25, 28, 29, 32, 33, 35, 37, 38, 41, 42, 45, 46, 51, 52, 55, 56, 62], "summary": {"covered_lines": 31, "num_statements": 31, "percent_covered": 100.0, "percent_covered_display": "100", "missing_lines": 0, "excluded_lines": 0, "percent_statements_covered": 100.0, "percent_statements_covered_display": "100"}, "missing_lines": [], "excluded_lines": [], "start_line": 1}}, "classes": {"RegistrationInvite": {"executed_lines": [39, 43, 47, 48, 49, 53], "summary": {"covered_lines": 6, "num_statements": 10, "percent_covered": 60.0, "percent_covered_display": "60", "missing_lines": 4, "excluded_lines": 0, "percent_statements_covered": 60.0, "percent_statements_covered_display": "60"}, "missing_lines": [58, 59, 60, 63], "excluded_lines": [], "start_line": 8}, "": {"executed_lines": [1, 3, 4, 5, 8, 9, 11, 12, 13, 14, 15, 20, 21, 24, 25, 28, 29, 32, 33, 35, 37, 38, 41, 42, 45, 46, 51, 52, 55, 56, 62], "summary": {"covered_lines": 31, "num_statements": 31, "percent_covered": 100.0, "percent_covered_display": "100", "missing_lines": 0, "excluded_lines": 0, "percent_statements_covered": 100.0, "percent_statements_covered_display": "100"}, "missing_lines": [], "excluded_lines": [], "start_line": 1}}}, "app/models/master_event.py": {"executed_lines": [1, 3, 4, 7, 8, 10, 11, 12, 13, 14, 15, 17, 18, 23, 30, 31, 33], "summary": {"covered_lines": 17, "num_statements": 18, "percent_covered": 94.44444444444444, "percent_covered_display": "94", "missing_lines": 1, "excluded_lines": 0, "percent_statements_covered": 94.44444444444444, "percent_statements_covered_display": "94"}, "missing_lines": [34], "excluded_lines": [], "functions": {"MasterEvent.__repr__": {"executed_lines": [], "summary": {"covered_lines": 0, "num_statements": 1, "percent_covered": 0.0, "percent_covered_display": "0", "missing_lines": 1, "excluded_lines": 0, "percent_statements_covered": 0.0, "percent_statements_covered_display": "0"}, "missing_lines": [34], "excluded_lines": [], "start_line": 33}, "": {"executed_lines": [1, 3, 4, 7, 8, 10, 11, 12, 13, 14, 15, 17, 18, 23, 30, 31, 33], "summary": {"covered_lines": 17, "num_statements": 17, "percent_covered": 100.0, "percent_covered_display": "100", "missing_lines": 0, "excluded_lines": 0, "percent_statements_covered": 100.0, "percent_statements_covered_display": "100"}, "missing_lines": [], "excluded_lines": [], "start_line": 1}}, "classes": {"MasterEvent": {"executed_lines": [], "summary": {"covered_lines": 0, "num_statements": 1, "percent_covered": 0.0, "percent_covered_display": "0", "missing_lines": 1, "excluded_lines": 0, "percent_statements_covered": 0.0, "percent_statements_covered_display": "0"}, "missing_lines": [34], "excluded_lines": [], "start_line": 7}, "": {"executed_lines": [1, 3, 4, 7, 8, 10, 11, 12, 13, 14, 15, 17, 18, 23, 30, 31, 33], "summary": {"covered_lines": 17, "num_statements": 17, "percent_covered": 100.0, "percent_covered_display": "100", "missing_lines": 0, "excluded_lines": 0, "percent_statements_covered": 100.0, "percent_statements_covered_display": "100"}, "missing_lines": [], "excluded_lines": [], "start_line": 1}}}, "app/models/outbox.py": {"executed_lines": [1, 3, 4, 7, 11, 13, 14, 15, 16, 18, 24, 26, 32, 33, 34, 36, 38, 39], "summary": {"covered_lines": 18, "num_statements": 18, "percent_covered": 100.0, "percent_covered_display": "100", "missing_lines": 0, "excluded_lines": 0, "percent_statements_covered": 100.0, "percent_statements_covered_display": "100"}, "missing_lines": [], "excluded_lines": [], "functions": {"OutboxEmail.__repr__": {"executed_lines": [39], "summary": {"covered_lines": 1, "num_statements": 1, "percent_covered": 100.0, "percent_covered_display": "100", "missing_lines": 0, "excluded_lines": 0, "percent_statements_covered": 100.0, "percent_statements_covered_display": "100"}, "missing_lines": [], "excluded_lines": [], "start_line": 38}, "": {"executed_lines": [1, 3, 4, 7, 11, 13, 14, 15, 16, 18, 24, 26, 32, 33, 34, 36, 38], "summary": {"covered_lines": 17, "num_statements": 17, "percent_covered": 100.0, "percent_covered_display": "100", "missing_lines": 0, "excluded_lines": 0, "percent_statements_covered": 100.0, "percent_statements_covered_display": "100"}, "missing_lines": [], "excluded_lines": [], "start_line": 1}}, "classes": {"OutboxEmail": {"executed_lines": [39], "summary": {"covered_lines": 1, "num_statements": 1, "percent_covered": 100.0, "percent_covered_display": "100", "missing_lines": 0, "excluded_lines": 0, "percent_statements_covered": 100.0, "percent_statements_covered_display": "100"}, "missing_lines": [], "excluded_lines": [], "start_line": 7}, "": {"executed_lines": [1, 3, 4, 7, 11, 13, 14, 15, 16, 18, 24, 26, 32, 33, 34, 36, 38], "summary": {"covered_lines": 17, "num_statements": 17, "percent_covered": 100.0, "percent_covered_display": "100", "missing_lines": 0, "excluded_lines": 0, "percent_statements_covered": 100.0, "percent_statements_covered_display": "100"}, "missing_lines": [], "excluded_lines": [], "start_line": 1}}}, "app/models/qualification.py": {"executed_lines": [1, 3, 5, 6, 11, 18, 25, 26, 27, 38, 39, 40, 41, 42, 45, 54, 61, 68, 69, 70, 72, 73, 74, 75, 77, 79, 80, 82], "summary": {"covered_lines": 28, "num_statements": 30, "percent_covered": 93.33333333333333, "percent_covered_display": "93", "missing_lines": 2, "excluded_lines": 0, "percent_statements_covered": 93.33333333333333, "percent_statements_covered_display": "93"}, "missing_lines": [71, 83], "excluded_lines": [], "functions": {"Qualification.can_be_filled_by": {"executed_lines": [68, 69, 70, 72, 73, 74, 75], "summary": {"covered_lines": 7, "num_statements": 8, "percent_covered": 87.5, "percent_covered_display": "88", "missing_lines": 1, "excluded_lines": 0, "percent_statements_covered": 87.5, "percent_statements_covered_display": "88"}, "missing_lines": [71], "excluded_lines": [], "start_line": 61}, "Qualification.soft_delete": {"executed_lines": [79, 80], "summary": {"covered_lines": 2, "num_statements": 2, "percent_covered": 100.0, "percent_covered_display": "100", "missing_lines": 0, "excluded_lines": 0, "percent_statements_covered": 100.0, "percent_statements_covered_display": "100"}, "missing_lines": [], "excluded_lines": [], "start_line": 77}, "Qualification.__repr__": {"executed_lines": [], "summary": {"covered_lines": 0, "num_statements": 1, "percent_covered": 0.0, "percent_covered_display": "0", "missing_lines": 1, "excluded_lines": 0, "percent_statements_covered": 0.0, "percent_statements_covered_display": "0"}, "missing_lines": [83], "excluded_lines": [], "start_line": 82}, "": {"executed_lines": [1, 3, 5, 6, 11, 18, 25, 26, 27, 38, 39, 40, 41, 42, 45, 54, 61, 77, 82], "summary": {"covered_lines": 19, "num_statements": 19, "percent_covered": 100.0, "percent_covered_display": "100", "missing_lines": 0, "excluded_lines": 0, "percent_statements_covered": 100.0, "percent_statements_covered_display": "100"}, "missing_lines": [], "excluded_lines": [], "start_line": 1}}, "classes": {"Qualification": {"executed_lines": [68, 69, 70, 72, 73, 74, 75, 79, 80], "summary": {"covered_lines": 9, "num_statements": 11, "percent_covered": 81.81818181818181, "percent_covered_display": "82", "missing_lines": 2, "excluded_lines": 0, "percent_statements_covered": 81.81818181818181, "percent_statements_covered_display": "82"}, "missing_lines": [71, 83], "excluded_lines": [], "start_line": 25}, "": {"executed_lines": [1, 3, 5, 6, 11, 18, 25, 26, 27, 38, 39, 40, 41, 42, 45, 54, 61, 77, 82], "summary": {"covered_lines": 19, "num_statements": 19, "percent_covered": 100.0, "percent_covered_display": "100", "missing_lines": 0, "excluded_lines": 0, "percent_statements_covered": 100.0, "percent_statements_covered_display": "100"}, "missing_lines": [], "excluded_lines": [], "start_line": 1}}}, "app/models/role.py": {"executed_lines": [1, 3, 4, 8, 15, 16, 18, 19, 20, 21, 23, 24, 25, 27, 34, 41, 45, 46, 48, 49, 50, 52, 59, 64, 132], "summary": {"covered_lines": 25, "num_statements": 27, "percent_covered": 92.5925925925926, "percent_covered_display": "93", "missing_lines": 2, "excluded_lines": 0, "percent_statements_covered": 92.5925925925926, "percent_statements_covered_display": "93"}, "missing_lines": [42, 60], "excluded_lines": [], "functions": {"Role.__repr__": {"executed_lines": [], "summary": {"covered_lines": 0, "num_statements": 1, "percent_covered": 0.0, "percent_covered_display": "0", "missing_lines": 1, "excluded_lines": 0, "percent_statements_covered": 0.0, "percent_statements_covered_display": "0"}, "missing_lines": [42], "excluded_lines": [], "start_line": 41}, "Permission.__repr__": {"executed_lines": [], "summary": {"covered_lines": 0, "num_statements": 1, "percent_covered": 0.0, "percent_covered_display": "0", "missing_lines": 1, "excluded_lines": 0, "percent_statements_covered": 0.0, "percent_statements_covered_display": "0"}, "missing_lines": [60], "excluded_lines": [], "start_line": 59}, "": {"executed_lines": [1, 3, 4, 8, 15, 16, 18, 19, 20, 21, 23, 24, 25, 27, 34, 41, 45, 46, 48, 49, 50, 52, 59, 64, 132], "summary": {"covered_lines": 25, "num_statements": 25, "percent_covered": 100.0, "percent_covered_display": "100", "missing_lines": 0, "excluded_lines": 0, "percent_statements_covered": 100.0, "percent_statements_covered_display": "100"}, "missing_lines": [], "excluded_lines": [], "start_line": 1}}, "classes": {"Role": {"executed_lines": [], "summary": {"covered_lines": 0, "num_statements": 1, "percent_covered": 0.0, "percent_covered_display": "0", "missing_lines": 1, "excluded_lines": 0, "percent_statements_covered": 0.0, "percent_statements_covered_display": "0"}, "missing_lines": [42], "excluded_lines": [], "start_line": 15}, "Permission": {"executed_lines": [], "summary": {"covered_lines": 0, "num_statements": 1, "percent_covered": 0.0, "percent_covered_display": "0", "missing_lines": 1, "excluded_lines": 0, "percent_statements_covered": 0.0, "percent_statements_covered_display": "0"}, "missing_lines": [60], "excluded_lines": [], "start_line": 45}, "": {"executed_lines": [1, 3, 4, 8, 15, 16, 18, 19, 20, 21, 23, 24, 25, 27, 34, 41, 45, 46, 48, 49, 50, 52, 59, 64, 132], "summary": {"covered_lines": 25, "num_statements": 25, "percent_covered": 100.0, "percent_covered_display": "100", "missing_lines": 0, "excluded_lines": 0, "percent_statements_covered": 100.0, "percent_statements_covered_display": "100"}, "missing_lines": [], "excluded_lines": [], "start_line": 1}}}, "app/models/settings.py": {"executed_lines": [1, 3, 4, 5, 7, 8, 10, 13, 23, 24, 26, 29, 30, 33, 36, 37, 38, 39, 40, 41, 47, 50, 53, 54, 55, 56, 67, 73, 74, 75, 86, 92, 93, 94, 95, 96, 97, 99, 100, 101, 103, 111, 112, 113, 114, 115, 116, 117, 118, 121, 122, 124, 132, 134, 135, 139], "summary": {"covered_lines": 56, "num_statements": 69, "percent_covered": 81.15942028985508, "percent_covered_display": "81", "missing_lines": 13, "excluded_lines": 0, "percent_statements_covered": 81.15942028985508, "percent_statements_covered_display": "81"}, "missing_lines": [19, 20, 68, 69, 71, 76, 77, 78, 80, 125, 136, 137, 138], "excluded_lines": [], "functions": {"_fernet": {"executed_lines": [], "summary": {"covered_lines": 0, "num_statements": 2, "percent_covered": 0.0, "percent_covered_display": "0", "missing_lines": 2, "excluded_lines": 0, "percent_statements_covered": 0.0, "percent_statements_covered_display": "0"}, "missing_lines": [19, 20], "excluded_lines": [], "start_line": 13}, "AppSettings.set_smtp_password": {"executed_lines": [], "summary": {"covered_lines": 0, "num_statements": 3, "percent_covered": 0.0, "percent_covered_display": "0", "missing_lines": 3, "excluded_lines": 0, "percent_statements_covered": 0.0, "percent_statements_covered_display": "0"}, "missing_lines": [68, 69, 71], "excluded_lines": [], "start_line": 67}, "AppSettings.get_smtp_password": {"executed_lines": [74, 75], "summary": {"covered_lines": 2, "num_statements": 6, "percent_covered": 33.333333333333336, "percent_covered_display": "33", "missing_lines": 4, "excluded_lines": 0, "percent_statements_covered": 33.333333333333336, "percent_statements_covered_display": "33"}, "missing_lines": [76, 77, 78, 80], "excluded_lines": [], "start_line": 73}, "AppSettings.is_email_allowed": {"executed_lines": [92, 93, 94, 95, 96, 97], "summary": {"covered_lines": 6, "num_statements": 6, "percent_covered": 100.0, "percent_covered_display": "100", "missing_lines": 0, "excluded_lines": 0, "percent_statements_covered": 100.0, "percent_statements_covered_display": "100"}, "missing_lines": [], "excluded_lines": [], "start_line": 86}, "AppSettings.smtp_configured": {"executed_lines": [101], "summary": {"covered_lines": 1, "num_statements": 1, "percent_covered": 100.0, "percent_covered_display": "100", "missing_lines": 0, "excluded_lines": 0, "percent_statements_covered": 100.0, "percent_statements_covered_display": "100"}, "missing_lines": [], "excluded_lines": [], "start_line": 100}, "AppSettings.apply_to_app": {"executed_lines": [111, 112, 113, 114, 115, 116, 117, 118, 121, 122], "summary": {"covered_lines": 10, "num_statements": 10, "percent_covered": 100.0, "percent_covered_display": "100", "missing_lines": 0, "excluded_lines": 0, "percent_statements_covered": 100.0, "percent
[...]
ercent_statements_covered_display": "91"}, "missing_lines": [255], "excluded_lines": [], "start_line": 249}, "": {"executed_lines": [11, 13, 14, 16, 17, 18, 19, 20, 21, 23, 26, 39, 60, 81, 99, 100, 101, 113, 114, 115, 164, 165, 166, 247, 248, 249], "summary": {"covered_lines": 26, "num_statements": 26, "percent_covered": 100.0, "percent_covered_display": "100", "missing_lines": 0, "excluded_lines": 0, "percent_statements_covered": 100.0, "percent_statements_covered_display": "100"}, "missing_lines": [], "excluded_lines": [], "start_line": 1}}, "classes": {"": {"executed_lines": [11, 13, 14, 16, 17, 18, 19, 20, 21, 23, 26, 29, 39, 46, 47, 51, 52, 53, 54, 55, 56, 57, 60, 62, 64, 65, 66, 81, 84, 85, 86, 87, 88, 89, 90, 93, 94, 99, 100, 101, 102, 105, 108, 113, 114, 115, 116, 117, 119, 122, 126, 127, 128, 129, 130, 132, 133, 134, 136, 140, 146, 147, 149, 150, 151, 153, 154, 156, 157, 159, 164, 165, 166, 167, 168, 170, 171, 174, 177, 181, 182, 183, 184, 185, 187, 188, 189, 190, 192, 196, 201, 205, 213, 214, 215, 216, 217, 219, 220, 221, 223, 231, 237, 239, 240, 242, 247, 248, 249, 250, 251, 253, 254, 257, 258, 259, 260, 262, 263], "summary": {"covered_lines": 119, "num_statements": 139, "percent_covered": 85.61151079136691, "percent_covered_display": "86", "missing_lines": 20, "excluded_lines": 0, "percent_statements_covered": 85.61151079136691, "percent_statements_covered_display": "86"}, "missing_lines": [48, 49, 63, 67, 68, 69, 70, 71, 72, 73, 78, 103, 137, 138, 172, 193, 194, 202, 203, 255], "excluded_lines": [], "start_line": 1}}}, "app/routes/users.py": {"executed_lines": [1, 3, 4, 5, 6, 8, 12, 13, 14, 16, 17, 18, 19, 20, 21, 22, 23, 25, 27, 30, 33, 35, 36, 39, 40, 41, 46, 47, 48, 49, 51, 52, 53, 54, 55, 56, 57, 58, 61, 62, 63, 64, 77, 86, 87, 94, 95, 96, 97, 98, 99, 100, 101, 102, 103, 104, 105, 106, 109, 110, 113, 114, 115, 122, 130, 131, 132, 135, 136, 137, 138, 139, 140, 141, 142, 143, 144, 145, 146, 147, 148, 149, 150, 158, 159, 160, 165, 166, 167, 168, 169, 170, 171, 172, 173, 175, 177, 180, 186, 188, 189, 190, 197, 198, 204, 205, 208, 209, 210, 224, 225, 226, 227, 228, 229, 230, 231, 232, 233, 236, 239, 240, 241, 243, 244, 245, 249, 250, 251, 253, 254, 255, 256, 259, 260, 261, 262, 263, 266, 267, 268, 270, 271, 272, 273, 274, 275, 276, 286, 287, 288, 289, 292, 293, 294, 304, 305, 306, 307, 308, 311, 312, 313, 323, 324, 338, 339, 340, 343, 344, 345, 346, 347, 348, 350, 351, 352, 360, 361, 362, 363, 366, 367, 368, 369, 370, 371, 373, 376, 377, 378, 386, 387, 388, 391, 392, 393, 419, 420, 421, 450, 451, 452, 462, 464, 465, 466, 469, 470, 471, 473, 474, 475, 477, 481, 482, 487, 488, 489, 490, 494, 498, 503, 504, 505, 506, 507, 508, 509, 510, 511, 513, 515, 516, 517, 519, 520, 531, 533, 535, 536, 541, 546, 547, 548, 549, 550, 556, 562, 565, 566, 567, 568, 569, 570, 571, 572, 575, 576, 577, 580, 587, 588, 589, 591, 592, 594, 601, 602, 604, 606, 614, 616, 617, 620, 622, 623, 624, 630, 631, 636, 637, 638, 641, 642, 643, 644, 645, 646, 648, 652, 653, 661, 663, 664, 667, 668, 669, 670, 671, 672, 674, 677, 681, 682, 690, 692, 693, 696, 697, 698, 699, 704, 705, 706, 707], "summary": {"covered_lines": 316, "num_statements": 381, "percent_covered": 82.93963254593176, "percent_covered_display": "83", "missing_lines": 65, "excluded_lines": 0, "percent_statements_covered": 82.93963254593176, "percent_statements_covered_display": "83"}, "missing_lines": [107, 108, 111, 112, 176, 178, 191, 246, 257, 258, 325, 326, 327, 328, 329, 349, 372, 374, 375, 394, 395, 396, 397, 398, 399, 400, 403, 404, 405, 406, 414, 415, 416, 422, 423, 424, 425, 426, 427, 428, 429, 432, 433, 434, 435, 443, 444, 445, 478, 479, 483, 484, 491, 492, 495, 496, 514, 647, 649, 650, 673, 675, 676, 678, 679], "excluded_lines": [], "functions": {"_validate_phone": {"executed_lines": [35, 36], "summary": {"covered_lines": 2, "num_statements": 2, "percent_covered": 100.0, "percent_covered_display": "100", "missing_lines": 0, "excluded_lines": 0, "percent_statements_covered": 100.0, "percent_statements_covered_display": "100"}, "missing_lines": [], "excluded_lines": [], "start_line": 33}, "_require_permission": {"executed_lines": [40, 41], "summary": {"covered_lines": 2, "num_statements": 2, "percent_covered": 100.0, "percent_covered_display": "100", "missing_lines": 0, "excluded_lines": 0, "percent_statements_covered": 100.0, "percent_statements_covered_display": "100"}, "missing_lines": [], "excluded_lines": [], "start_line": 39}, "profile": {"executed_lines": [49, 51, 52, 53, 54, 55, 56, 57, 58, 61, 62, 63, 64, 77], "summary": {"covered_lines": 14, "num_statements": 14, "percent_covered": 100.0, "percent_covered_display": "100", "missing_lines": 0, "excluded_lines": 0, "percent_statements_covered": 100.0, "percent_statements_covered_display": "100"}, "missing_lines": [], "excluded_lines": [], "start_line": 48}, "_update_profile": {"executed_lines": [87, 94, 95, 96, 97, 98, 99, 100, 101, 102, 103, 104, 105, 106, 109, 110, 113, 114, 115, 122, 130, 131, 132], "summary": {"covered_lines": 23, "num_statements": 27, "percent_covered": 85.18518518518519, "percent_covered_display": "85", "missing_lines": 4, "excluded_lines": 0, "percent_statements_covered": 85.18518518518519, "percent_statements_covered_display": "85"}, "missing_lines": [107, 108, 111, 112], "excluded_lines": [], "start_line": 86}, "_change_password": {"executed_lines": [136, 137, 138, 139, 140, 141, 142, 143, 144, 145, 146, 147, 148, 149, 150, 158, 159, 160], "summary": {"covered_lines": 18, "num_statements": 18, "percent_covered": 100.0, "percent_covered_display": "100", "missing_lines": 0, "excluded_lines": 0, "percent_statements_covered": 100.0, "percent_statements_covered_display": "100"}, "missing_lines": [], "excluded_lines": [], "start_line": 135}, "index": {"executed_lines": [168, 169, 170, 171, 172, 173, 175, 177, 180, 186, 188, 189, 190, 197, 198, 204, 205, 208, 209, 210], "summary": {"covered_lines": 20, "num_statements": 23, "percent_covered": 86.95652173913044, "percent_covered_display": "87", "missing_lines": 3, "excluded_lines": 0, "percent_statements_covered": 86.95652173913044, "percent_statements_covered_display": "87"}, "missing_lines": [176, 178, 191], "excluded_lines": [], "start_line": 167}, "detail": {"executed_lines": [227, 228, 229, 230, 231, 232, 233, 236], "summary": {"covered_lines": 8, "num_statements": 8, "percent_covered": 100.0, "percent_covered_display": "100", "missing_lines": 0, "excluded_lines": 0, "percent_statements_covered": 100.0, "percent_statements_covered_display": "100"}, "missing_lines": [], "excluded_lines": [], "start_line": 226}, "save_user": {"executed_lines": [243, 244, 245, 249, 250, 251, 253, 254, 255, 256, 259, 260, 261, 262, 263, 266, 267, 268, 270, 271, 272, 273, 274, 275, 276, 286, 287, 288, 289, 292, 293, 294, 304, 305, 306, 307, 308, 311, 312, 313, 323, 324, 338, 339, 340], "summary": {"covered_lines": 45, "num_statements": 53, "percent_covered": 84.90566037735849, "percent_covered_display": "85", "missing_lines": 8, "excluded_lines": 0, "percent_statements_covered": 84.90566037735849, "percent_statements_covered_display": "85"}, "missing_lines": [246, 257, 258, 325, 326, 327, 328, 329], "excluded_lines": [], "start_line": 241}, "activate": {"executed_lines": [346, 347, 348, 350, 351, 352, 360, 361, 362, 363], "summary": {"covered_lines": 10, "num_statements": 11, "percent_covered": 90.9090909090909, "percent_covered_display": "91", "missing_lines": 1, "excluded_lines": 0, "percent_statements_covered": 90.9090909090909, "percent_statements_covered_display": "91"}, "missing_lines": [349], "excluded_lines": [], "start_line": 345}, "deactivate": {"executed_lines": [369, 370, 371, 373, 376, 377, 378, 386, 387, 388], "summary": {"covered_lines": 10, "num_statements": 13, "percent_covered": 76.92307692307692, "percent_covered_display": "77", "missing_lines": 3, "excluded_lines": 0, "percent_statements_covered": 76.92307692307692, "percent_statements_covered_display": "77"}, "missing_lines": [372, 374, 375], "excluded_lines": [], "start_line": 368}, "update_roles": {"executed_lines": [], "summary": {"covered_lines": 0, "num_statements": 14, "percent_covered": 0.0, "percent_covered_display": "0", "missing_lines": 14, "excluded_lines": 0, "percent_statements_covered": 0.0, "percent_statements_covered_display": "0"}, "missing_lines": [394, 395, 396, 397, 398, 399, 400, 403, 404, 405, 406, 414, 415, 416], "excluded_lines": [], "start_line": 393}, "update_qualifications": {"executed_lines": [], "summary": {"covered_lines": 0, "num_statements": 15, "percent_covered": 0.0, "percent_covered_display": "0", "missing_lines": 15, "excluded_lines": 0, "percent_statements_covered": 0.0, "percent_statements_covered_display": "0"}, "missing_lines": [422, 423, 424, 425, 426, 427, 428, 429, 432, 433, 434, 435, 443, 444, 445], "excluded_lines": [], "start_line": 421}, "batch_action": {"executed_lines": [462, 464, 465, 466, 469, 470, 471, 473, 474, 475, 477, 481, 482, 487, 488, 489, 490, 494, 498, 503, 504, 505, 506, 507, 508, 509, 510, 511, 513, 515, 516, 517, 519, 520, 531, 533, 535, 536, 541], "summary": {"covered_lines": 39, "num_statements": 48, "percent_covered": 81.25, "percent_covered_display": "81", "missing_lines": 9, "excluded_lines": 0, "percent_statements_covered": 81.25, "percent_statements_covered_display": "81"}, "missing_lines": [478, 479, 483, 484, 491, 492, 495, 496, 514], "excluded_lines": [], "start_line": 452}, "invites": {"executed_lines": [549, 550, 556, 562], "summary": {"covered_lines": 4, "num_statements": 4, "percent_covered": 100.0, "percent_covered_display": "100", "missing_lines": 0, "excluded_lines": 0, "percent_statements_covered": 100.0, "percent_statements_covered_display": "100"}, "missing_lines": [], "excluded_lines": [], "start_line": 548}, "create_invite": {"executed_lines": [568, 569, 570, 571, 572, 575, 576, 577, 580, 587, 588, 589, 591, 592, 594, 601, 602, 604, 606, 614, 616, 617], "summary": {"covered_lines": 22, "num_statements": 22, "percent_covered": 100.0, "percent_covered_display": "100", "missing_lines": 0, "excluded_lines": 0, "percent_statements_covered": 100.0, "percent_statements_covered_display": "100"}, "missing_lines": [], "excluded_lines": [], "start_line": 567}, "_queue_invite_email": {"executed_lines": [622, 623, 624, 630, 631, 636, 637, 638], "summary": {"covered_lines": 8, "num_statements": 8, "percent_covered": 100.0, "percent_covered_display": "100", "missing_lines": 0, "excluded_lines": 0, "percent_statements_covered": 100.0, "percent_statements_covered_display": "100"}, "missing_lines": [], "excluded_lines": [], "start_line": 620}, "resend_invite": {"executed_lines": [644, 645, 646, 648, 652, 653, 661, 663, 664], "summary": {"covered_lines": 9, "num_statements": 12, "percent_covered": 75.0, "percent_covered_display": "75", "missing_lines": 3, "excluded_lines": 0, "percent_statements_covered": 75.0, "percent_statements_covered_display": "75"}, "missing_lines": [647, 649, 650], "excluded_lines": [], "start_line": 643}, "cancel_invite": {"executed_lines": [670, 671, 672, 674, 677, 681, 682, 690, 692, 693], "summary": {"covered_lines": 10, "num_statements": 15, "percent_covered": 66.66666666666667, "percent_covered_display": "67", "missing_lines": 5, "excluded_lines": 0, "percent_statements_covered": 66.66666666666667, "percent_statements_covered_display": "67"}, "missing_lines": [673, 675, 676, 678, 679], "excluded_lines": [], "start_line": 669}, "_send_activation_email": {"executed_lines": [697, 698, 699, 704, 705, 706, 707], "summary": {"covered_lines": 7, "num_statements": 7, "percent_covered": 100.0, "percent_covered_display": "100", "missing_lines": 0, "excluded_lines": 0, "percent_statements_covered": 100.0, "percent_statements_covered_display": "100"}, "missing_lines": [], "excluded_lines": [], "start_line": 696}, "": {"executed_lines": [1, 3, 4, 5, 6, 8, 12, 13, 14, 16, 17, 18, 19, 20, 21, 22, 23, 25, 27, 30, 33, 39, 46, 47, 48, 86, 135, 165, 166, 167, 224, 225, 226, 239, 240, 241, 343, 344, 345, 366, 367, 368, 391, 392, 393, 419, 420, 421, 450, 451, 452, 546, 547, 548, 565, 566, 567, 620, 641, 642, 643, 667, 668, 669, 696], "summary": {"covered_lines": 65, "num_statements": 65, "percent_covered": 100.0, "percent_covered_display": "100", "missing_lines": 0, "excluded_lines": 0, "percent_statements_covered": 100.0, "percent_statements_covered_display": "100"}, "missing_lines": [], "excluded_lines": [], "start_line": 1}}, "classes": {"": {"executed_lines": [1, 3, 4, 5, 6, 8, 12, 13, 14, 16, 17, 18, 19, 20, 21, 22, 23, 25, 27, 30, 33, 35, 36, 39, 40, 41, 46, 47, 48, 49, 51, 52, 53, 54, 55, 56, 57, 58, 61, 62, 63, 64, 77, 86, 87, 94, 95, 96, 97, 98, 99, 100, 101, 102, 103, 104, 105, 106, 109, 110, 113, 114, 115, 122, 130, 131, 132, 135, 136, 137, 138, 139, 140, 141, 142, 143, 144, 145, 146, 147, 148, 149, 150, 158, 159, 160, 165, 166, 167, 168, 169, 170, 171, 172, 173, 175, 177, 180, 186, 188, 189, 190, 197, 198, 204, 205, 208, 209, 210, 224, 225, 226, 227, 228, 229, 230, 231, 232, 233, 236, 239, 240, 241, 243, 244, 245, 249, 250, 251, 253, 254, 255, 256, 259, 260, 261, 262, 263, 266, 267, 268, 270, 271, 272, 273, 274, 275, 276, 286, 287, 288, 289, 292, 293, 294, 304, 305, 306, 307, 308, 311, 312, 313, 323, 324, 338, 339, 340, 343, 344, 345, 346, 347, 348, 350, 351, 352, 360, 361, 362, 363, 366, 367, 368, 369, 370, 371, 373, 376, 377, 378, 386, 387, 388, 391, 392, 393, 419, 420, 421, 450, 451, 452, 462, 464, 465, 466, 469, 470, 471, 473, 474, 475, 477, 481, 482, 487, 488, 489, 490, 494, 498, 503, 504, 505, 506, 507, 508, 509, 510, 511, 513, 515, 516, 517, 519, 520, 531, 533, 535, 536, 541, 546, 547, 548, 549, 550, 556, 562, 565, 566, 567, 568, 569, 570, 571, 572, 575, 576, 577, 580, 587, 588, 589, 591, 592, 594, 601, 602, 604, 606, 614, 616, 617, 620, 622, 623, 624, 630, 631, 636, 637, 638, 641, 642, 643, 644, 645, 646, 648, 652, 653, 661, 663, 664, 667, 668, 669, 670, 671, 672, 674, 677, 681, 682, 690, 692, 693, 696, 697, 698, 699, 704, 705, 706, 707], "summary": {"covered_lines": 316, "num_statements": 381, "percent_covered": 82.93963254593176, "percent_covered_display": "83", "missing_lines": 65, "excluded_lines": 0, "percent_statements_covered": 82.93963254593176, "percent_statements_covered_display": "83"}, "missing_lines": [107, 108, 111, 112, 176, 178, 191, 246, 257, 258, 325, 326, 327, 328, 329, 349, 372, 374, 375, 394, 395, 396, 397, 398, 399, 400, 403, 404, 405, 406, 414, 415, 416, 422, 423, 424, 425, 426, 427, 428, 429, 432, 433, 434, 435, 443, 444, 445, 478, 479, 483, 484, 491, 492, 495, 496, 514, 647, 649, 650, 673, 675, 676, 678, 679], "excluded_lines": [], "start_line": 1}}}, "app/scheduler_tasks.py": {"executed_lines": [8, 10, 11, 12, 14, 16, 19, 83, 89, 90, 92, 95, 100, 106, 107, 110, 111, 114, 119, 120, 121, 122, 124, 127, 129, 130, 132, 133, 135, 136, 137, 138, 140, 143, 145, 151, 152, 153, 154, 156, 157, 158], "summary": {"covered_lines": 42, "num_statements": 82, "percent_covered": 51.21951219512195, "percent_covered_display": "51", "missing_lines": 40, "excluded_lines": 0, "percent_statements_covered": 51.21951219512195, "percent_statements_covered_display": "51"}, "missing_lines": [30, 31, 33, 34, 36, 44, 45, 46, 47, 48, 50, 51, 53, 54, 55, 56, 57, 58, 59, 62, 63, 64, 65, 66, 68, 69, 70, 71, 73, 74, 76, 77, 78, 80, 93, 125, 146, 147, 148, 149], "excluded_lines": [], "functions": {"run_send_reminders": {"executed_lines": [], "summary": {"covered_lines": 0, "num_statements": 34, "percent_covered": 0.0, "percent_covered_display": "0", "missing_lines": 34, "excluded_lines": 0, "percent_statements_covered": 0.0, "percent_statements_covered_display": "0"}, "missing_lines": [30, 31, 33, 34, 36, 44, 45, 46, 47, 48, 50, 51, 53, 54, 55, 56, 57, 58, 59, 62, 63, 64, 65, 66, 68, 69, 70, 71, 73, 74, 76, 77, 78, 80], "excluded_lines": [], "start_line": 19}, "run_record_metrics": {"executed_lines": [89, 90, 92, 95, 100, 106, 107, 110, 111], "summary": {"covered_lines": 9, "num_statements": 10, "percent_covered": 90.0, "percent_covered_display": "90", "missing_lines": 1, "excluded_lines": 0, "percent_statements_covered": 90.0, "percent_statements_covered_display": "90"}, "missing_lines": [93], "excluded_lines": [], "start_line": 83}, "run_admin_digest": {"executed_lines": [119, 120, 121, 122, 124, 127, 129, 130, 132, 133, 135, 136, 137, 138, 140, 143, 145, 151, 152, 153, 154, 156, 157, 158], "summary": {"covered_lines": 24, "num_statements": 29, "percent_covered": 82.75862068965517, "percent_covered_display": "83", "missing_lines": 5, "excluded_lines": 0, "percent_statements_covered": 82.75862068965517, "percent_statements_covered_display": "83"}, "missing_lines": [125, 146, 147, 148, 149], "excluded_lines": [], "start_line": 114}, "": {"executed_lines": [8, 10, 11, 12, 14, 16, 19, 83, 114], "summary": {"covered_lines": 9, "num_statements": 9, "percent_covered": 100.0, "percent_covered_display": "100", "missing_lines": 0, "excluded_lines": 0, "percent_statements_covered": 100.0, "percent_statements_covered_display": "100"}, "missing_lines": [], "excluded_lines": [], "start_line": 1}}, "classes": {"": {"executed_lines": [8, 10, 11, 12, 14, 16, 19, 83, 89, 90, 92, 95, 100, 106, 107, 110, 111, 114, 119, 120, 121, 122, 124, 127, 129, 130, 132, 133, 135, 136, 137, 138, 140, 143, 145, 151, 152, 153, 154, 156, 157, 158], "summary": {"covered_lines": 42, "num_statements": 82, "percent_covered": 51.21951219512195, "percent_covered_display": "51", "missing_lines": 40, "excluded_lines": 0, "percent_statements_covered": 51.21951219512195, "percent_statements_covered_display": "51"}, "missing_lines": [30, 31, 33, 34, 36, 44, 45, 46, 47, 48, 50, 51, 53, 54, 55, 56, 57, 58, 59, 62, 63, 64, 65, 66, 68, 69, 70, 71, 73, 74, 76, 77, 78, 80, 93, 125, 146, 147, 148, 149], "excluded_lines": [], "start_line": 1}}}, "app/utils.py": {"executed_lines": [2, 5, 16, 18, 19, 20, 24, 25, 26, 27, 30, 42, 43], "summary": {"covered_lines": 13, "num_statements": 15, "percent_covered": 86.66666666666667, "percent_covered_display": "87", "missing_lines": 2, "excluded_lines": 0, "percent_statements_covered": 86.66666666666667, "percent_statements_covered_display": "87"}, "missing_lines": [21, 22], "excluded_lines": [], "functions": {"external_url_for": {"executed_lines": [16, 18, 19, 20, 24, 25, 26, 27], "summary": {"covered_lines": 8, "num_statements": 10, "percent_covered": 80.0, "percent_covered_display": "80", "missing_lines": 2, "excluded_lines": 0, "percent_statements_covered": 80.0, "percent_statements_covered_display": "80"}, "missing_lines": [21, 22], "excluded_lines": [], "start_line": 5}, "diff_changes": {"executed_lines": [42, 43], "summary": {"covered_lines": 2, "num_statements": 2, "percent_covered": 100.0, "percent_covered_display": "100", "missing_lines": 0, "excluded_lines": 0, "percent_statements_covered": 100.0, "percent_statements_covered_display": "100"}, "missing_lines": [], "excluded_lines": [], "start_line": 30}, "": {"executed_lines": [2, 5, 30], "summary": {"covered_lines": 3, "num_statements": 3, "percent_covered": 100.0, "percent_covered_display": "100", "missing_lines": 0, "excluded_lines": 0, "percent_statements_covered": 100.0, "percent_statements_covered_display": "100"}, "missing_lines": [], "excluded_lines": [], "start_line": 1}}, "classes": {"": {"executed_lines": [2, 5, 16, 18, 19, 20, 24, 25, 26, 27, 30, 42, 43], "summary": {"covered_lines": 13, "num_statements": 15, "percent_covered": 86.66666666666667, "percent_covered_display": "87", "missing_lines": 2, "excluded_lines": 0, "percent_statements_covered": 86.66666666666667, "percent_statements_covered_display": "87"}, "missing_lines": [21, 22], "excluded_lines": [], "start_line": 1}}}}, "totals": {"covered_lines": 2902, "num_statements": 4336, "percent_covered": 66.9280442804428, "percent_covered_display": "67", "missing_lines": 1434, "excluded_lines": 17, "percent_statements_covered": 66.9280442804428, "percent_statements_covered_display": "67"}}
